{
	"/home/m6d/Documents/nextjs-ssr/server/controllers/user.js": {
		"path": "/home/m6d/Documents/nextjs-ssr/server/controllers/user.js",
		"statementMap": {
			"0": {
				"start": { "line": 6, "column": 19 },
				"end": { "line": 35, "column": 1 }
			},
			"1": {
				"start": { "line": 7, "column": 1 },
				"end": { "line": 34, "column": 2 }
			},
			"2": {
				"start": { "line": 15, "column": 6 },
				"end": { "line": 15, "column": 14 }
			},
			"3": {
				"start": { "line": 17, "column": 2 },
				"end": { "line": 25, "column": 50 }
			},
			"4": {
				"start": { "line": 25, "column": 3 },
				"end": { "line": 25, "column": 50 }
			},
			"5": {
				"start": { "line": 27, "column": 24 },
				"end": { "line": 27, "column": 56 }
			},
			"6": {
				"start": { "line": 28, "column": 2 },
				"end": { "line": 28, "column": 69 }
			},
			"7": {
				"start": { "line": 28, "column": 21 },
				"end": { "line": 28, "column": 69 }
			},
			"8": {
				"start": { "line": 30, "column": 2 },
				"end": { "line": 30, "column": 30 }
			},
			"9": {
				"start": { "line": 31, "column": 2 },
				"end": { "line": 31, "column": 73 }
			},
			"10": {
				"start": { "line": 33, "column": 2 },
				"end": { "line": 33, "column": 29 }
			},
			"11": {
				"start": { "line": 37, "column": 19 },
				"end": { "line": 53, "column": 1 }
			},
			"12": {
				"start": { "line": 38, "column": 1 },
				"end": { "line": 52, "column": 2 }
			},
			"13": {
				"start": { "line": 39, "column": 22 },
				"end": { "line": 39, "column": 32 }
			},
			"14": {
				"start": { "line": 40, "column": 2 },
				"end": { "line": 40, "column": 54 }
			},
			"15": {
				"start": { "line": 40, "column": 12 },
				"end": { "line": 40, "column": 54 }
			},
			"16": {
				"start": { "line": 42, "column": 23 },
				"end": { "line": 42, "column": 50 }
			},
			"17": {
				"start": { "line": 43, "column": 2 },
				"end": { "line": 43, "column": 70 }
			},
			"18": {
				"start": { "line": 43, "column": 21 },
				"end": { "line": 43, "column": 70 }
			},
			"19": {
				"start": { "line": 45, "column": 2 },
				"end": { "line": 45, "column": 33 }
			},
			"20": {
				"start": { "line": 47, "column": 2 },
				"end": { "line": 49, "column": 72 }
			},
			"21": {
				"start": { "line": 51, "column": 2 },
				"end": { "line": 51, "column": 29 }
			},
			"22": {
				"start": { "line": 55, "column": 17 },
				"end": { "line": 59, "column": 1 }
			},
			"23": {
				"start": { "line": 56, "column": 15 },
				"end": { "line": 56, "column": 34 }
			},
			"24": {
				"start": { "line": 58, "column": 1 },
				"end": { "line": 58, "column": 33 }
			},
			"25": {
				"start": { "line": 74, "column": 19 },
				"end": { "line": 95, "column": 1 }
			},
			"26": {
				"start": { "line": 75, "column": 1 },
				"end": { "line": 94, "column": 2 }
			},
			"27": {
				"start": { "line": 76, "column": 22 },
				"end": { "line": 76, "column": 32 }
			},
			"28": {
				"start": { "line": 77, "column": 23 },
				"end": { "line": 77, "column": 31 }
			},
			"29": {
				"start": { "line": 78, "column": 2 },
				"end": { "line": 78, "column": 65 }
			},
			"30": {
				"start": { "line": 78, "column": 25 },
				"end": { "line": 78, "column": 65 }
			},
			"31": {
				"start": { "line": 80, "column": 23 },
				"end": { "line": 80, "column": 50 }
			},
			"32": {
				"start": { "line": 81, "column": 2 },
				"end": { "line": 81, "column": 67 }
			},
			"33": {
				"start": { "line": 81, "column": 21 },
				"end": { "line": 81, "column": 67 }
			},
			"34": {
				"start": { "line": 89, "column": 2 },
				"end": { "line": 89, "column": 42 }
			},
			"35": {
				"start": { "line": 91, "column": 2 },
				"end": { "line": 91, "column": 73 }
			},
			"36": {
				"start": { "line": 93, "column": 2 },
				"end": { "line": 93, "column": 29 }
			}
		},
		"fnMap": {
			"0": {
				"name": "(anonymous_0)",
				"decl": {
					"start": { "line": 6, "column": 19 },
					"end": { "line": 6, "column": 20 }
				},
				"loc": {
					"start": { "line": 6, "column": 39 },
					"end": { "line": 35, "column": 1 }
				},
				"line": 6
			},
			"1": {
				"name": "(anonymous_1)",
				"decl": {
					"start": { "line": 37, "column": 19 },
					"end": { "line": 37, "column": 20 }
				},
				"loc": {
					"start": { "line": 37, "column": 39 },
					"end": { "line": 53, "column": 1 }
				},
				"line": 37
			},
			"2": {
				"name": "(anonymous_2)",
				"decl": {
					"start": { "line": 55, "column": 17 },
					"end": { "line": 55, "column": 18 }
				},
				"loc": {
					"start": { "line": 55, "column": 35 },
					"end": { "line": 59, "column": 1 }
				},
				"line": 55
			},
			"3": {
				"name": "(anonymous_3)",
				"decl": {
					"start": { "line": 74, "column": 19 },
					"end": { "line": 74, "column": 20 }
				},
				"loc": {
					"start": { "line": 74, "column": 39 },
					"end": { "line": 95, "column": 1 }
				},
				"line": 74
			}
		},
		"branchMap": {
			"0": {
				"loc": {
					"start": { "line": 17, "column": 2 },
					"end": { "line": 25, "column": 50 }
				},
				"type": "if",
				"locations": [
					{
						"start": { "line": 17, "column": 2 },
						"end": { "line": 25, "column": 50 }
					},
					{
						"start": { "line": 17, "column": 2 },
						"end": { "line": 25, "column": 50 }
					}
				],
				"line": 17
			},
			"1": {
				"loc": {
					"start": { "line": 18, "column": 3 },
					"end": { "line": 23, "column": 19 }
				},
				"type": "binary-expr",
				"locations": [
					{
						"start": { "line": 18, "column": 3 },
						"end": { "line": 18, "column": 9 }
					},
					{
						"start": { "line": 19, "column": 3 },
						"end": { "line": 19, "column": 13 }
					},
					{
						"start": { "line": 20, "column": 3 },
						"end": { "line": 20, "column": 12 }
					},
					{
						"start": { "line": 21, "column": 3 },
						"end": { "line": 21, "column": 12 }
					},
					{
						"start": { "line": 22, "column": 3 },
						"end": { "line": 22, "column": 18 }
					},
					{
						"start": { "line": 23, "column": 3 },
						"end": { "line": 23, "column": 19 }
					}
				],
				"line": 18
			},
			"2": {
				"loc": {
					"start": { "line": 28, "column": 2 },
					"end": { "line": 28, "column": 69 }
				},
				"type": "if",
				"locations": [
					{
						"start": { "line": 28, "column": 2 },
						"end": { "line": 28, "column": 69 }
					},
					{
						"start": { "line": 28, "column": 2 },
						"end": { "line": 28, "column": 69 }
					}
				],
				"line": 28
			},
			"3": {
				"loc": {
					"start": { "line": 40, "column": 2 },
					"end": { "line": 40, "column": 54 }
				},
				"type": "if",
				"locations": [
					{
						"start": { "line": 40, "column": 2 },
						"end": { "line": 40, "column": 54 }
					},
					{
						"start": { "line": 40, "column": 2 },
						"end": { "line": 40, "column": 54 }
					}
				],
				"line": 40
			},
			"4": {
				"loc": {
					"start": { "line": 43, "column": 2 },
					"end": { "line": 43, "column": 70 }
				},
				"type": "if",
				"locations": [
					{
						"start": { "line": 43, "column": 2 },
						"end": { "line": 43, "column": 70 }
					},
					{
						"start": { "line": 43, "column": 2 },
						"end": { "line": 43, "column": 70 }
					}
				],
				"line": 43
			},
			"5": {
				"loc": {
					"start": { "line": 78, "column": 2 },
					"end": { "line": 78, "column": 65 }
				},
				"type": "if",
				"locations": [
					{
						"start": { "line": 78, "column": 2 },
						"end": { "line": 78, "column": 65 }
					},
					{
						"start": { "line": 78, "column": 2 },
						"end": { "line": 78, "column": 65 }
					}
				],
				"line": 78
			},
			"6": {
				"loc": {
					"start": { "line": 78, "column": 6 },
					"end": { "line": 78, "column": 23 }
				},
				"type": "binary-expr",
				"locations": [
					{
						"start": { "line": 78, "column": 6 },
						"end": { "line": 78, "column": 10 }
					},
					{
						"start": { "line": 78, "column": 14 },
						"end": { "line": 78, "column": 23 }
					}
				],
				"line": 78
			},
			"7": {
				"loc": {
					"start": { "line": 81, "column": 2 },
					"end": { "line": 81, "column": 67 }
				},
				"type": "if",
				"locations": [
					{
						"start": { "line": 81, "column": 2 },
						"end": { "line": 81, "column": 67 }
					},
					{
						"start": { "line": 81, "column": 2 },
						"end": { "line": 81, "column": 67 }
					}
				],
				"line": 81
			}
		},
		"s": {
			"0": 4,
			"1": 3,
			"2": 3,
			"3": 3,
			"4": 1,
			"5": 2,
			"6": 2,
			"7": 1,
			"8": 1,
			"9": 1,
			"10": 2,
			"11": 4,
			"12": 3,
			"13": 3,
			"14": 3,
			"15": 1,
			"16": 2,
			"17": 2,
			"18": 1,
			"19": 1,
			"20": 1,
			"21": 2,
			"22": 4,
			"23": 1,
			"24": 1,
			"25": 4,
			"26": 4,
			"27": 4,
			"28": 4,
			"29": 4,
			"30": 1,
			"31": 3,
			"32": 3,
			"33": 1,
			"34": 1,
			"35": 1,
			"36": 3
		},
		"f": { "0": 3, "1": 3, "2": 1, "3": 4 },
		"b": {
			"0": [1, 2],
			"1": [3, 2, 2, 2, 2, 2],
			"2": [1, 1],
			"3": [1, 2],
			"4": [1, 1],
			"5": [1, 3],
			"6": [4, 3],
			"7": [1, 2]
		},
		"_coverageSchema": "43e27e138ebf9cfc5966b082cf9a028302ed4184",
		"hash": "a8bb5e15e335de01673e3613ee34bd9cc7650dce"
	},
	"/home/m6d/Documents/nextjs-ssr/server/helpers/index.js": {
		"path": "/home/m6d/Documents/nextjs-ssr/server/helpers/index.js",
		"statementMap": {
			"0": {
				"start": { "line": 3, "column": 38 },
				"end": { "line": 3, "column": 49 }
			},
			"1": {
				"start": { "line": 4, "column": 16 },
				"end": { "line": 4, "column": 23 }
			},
			"2": {
				"start": { "line": 45, "column": 18 },
				"end": { "line": 45, "column": 77 }
			},
			"3": {
				"start": { "line": 45, "column": 32 },
				"end": { "line": 45, "column": 77 }
			}
		},
		"fnMap": {
			"0": {
				"name": "(anonymous_0)",
				"decl": {
					"start": { "line": 45, "column": 18 },
					"end": { "line": 45, "column": 19 }
				},
				"loc": {
					"start": { "line": 45, "column": 32 },
					"end": { "line": 45, "column": 77 }
				},
				"line": 45
			}
		},
		"branchMap": {},
		"s": { "0": 4, "1": 4, "2": 4, "3": 7 },
		"f": { "0": 7 },
		"b": {},
		"_coverageSchema": "43e27e138ebf9cfc5966b082cf9a028302ed4184",
		"hash": "68dbacea6a8e6a20a24e7ca2fa8ab5bca14e068b"
	},
	"/home/m6d/Documents/nextjs-ssr/server/helpers/setup.js": {
		"path": "/home/m6d/Documents/nextjs-ssr/server/helpers/setup.js",
		"statementMap": {
			"0": {
				"start": { "line": 5, "column": 12 },
				"end": { "line": 5, "column": 21 }
			},
			"1": {
				"start": { "line": 6, "column": 0 },
				"end": { "line": 6, "column": 12 }
			},
			"2": {
				"start": { "line": 8, "column": 21 },
				"end": { "line": 8, "column": 33 }
			}
		},
		"fnMap": {
			"0": {
				"name": "(anonymous_0)",
				"decl": {
					"start": { "line": 8, "column": 15 },
					"end": { "line": 8, "column": 16 }
				},
				"loc": {
					"start": { "line": 8, "column": 21 },
					"end": { "line": 8, "column": 33 }
				},
				"line": 8
			}
		},
		"branchMap": {},
		"s": { "0": 1, "1": 1, "2": 5 },
		"f": { "0": 5 },
		"b": {},
		"_coverageSchema": "43e27e138ebf9cfc5966b082cf9a028302ed4184",
		"hash": "417c9f64ba95ad99438954d238a6492e577ea8aa"
	},
	"/home/m6d/Documents/nextjs-ssr/server/models/user.js": {
		"path": "/home/m6d/Documents/nextjs-ssr/server/models/user.js",
		"statementMap": {
			"0": {
				"start": { "line": 3, "column": 19 },
				"end": { "line": 16, "column": 2 }
			}
		},
		"fnMap": {},
		"branchMap": {},
		"s": { "0": 4 },
		"f": {},
		"b": {},
		"_coverageSchema": "43e27e138ebf9cfc5966b082cf9a028302ed4184",
		"hash": "bd9005f456f35208bde1edfaea0e186bd0ebbc6f"
	},
	"/home/m6d/Documents/nextjs-ssr/server/routes/index.js": {
		"path": "/home/m6d/Documents/nextjs-ssr/server/routes/index.js",
		"statementMap": {
			"0": {
				"start": { "line": 4, "column": 1 },
				"end": { "line": 4, "column": 17 }
			}
		},
		"fnMap": {
			"0": {
				"name": "(anonymous_0)",
				"decl": {
					"start": { "line": 3, "column": 15 },
					"end": { "line": 3, "column": 16 }
				},
				"loc": {
					"start": { "line": 3, "column": 22 },
					"end": { "line": 5, "column": 1 }
				},
				"line": 3
			}
		},
		"branchMap": {},
		"s": { "0": 1 },
		"f": { "0": 1 },
		"b": {},
		"_coverageSchema": "43e27e138ebf9cfc5966b082cf9a028302ed4184",
		"hash": "0e9a8c12093869f702fe02ab84646cc13737589d"
	},
	"/home/m6d/Documents/nextjs-ssr/server/routes/user.js": {
		"path": "/home/m6d/Documents/nextjs-ssr/server/routes/user.js",
		"statementMap": {
			"0": {
				"start": { "line": 10, "column": 1 },
				"end": { "line": 10, "column": 33 }
			},
			"1": {
				"start": { "line": 11, "column": 1 },
				"end": { "line": 11, "column": 43 }
			},
			"2": {
				"start": { "line": 12, "column": 1 },
				"end": { "line": 12, "column": 46 }
			},
			"3": {
				"start": { "line": 13, "column": 1 },
				"end": { "line": 13, "column": 49 }
			},
			"4": {
				"start": { "line": 14, "column": 1 },
				"end": { "line": 14, "column": 43 }
			}
		},
		"fnMap": {
			"0": {
				"name": "(anonymous_0)",
				"decl": {
					"start": { "line": 9, "column": 15 },
					"end": { "line": 9, "column": 16 }
				},
				"loc": {
					"start": { "line": 9, "column": 22 },
					"end": { "line": 15, "column": 1 }
				},
				"line": 9
			}
		},
		"branchMap": {},
		"s": { "0": 1, "1": 1, "2": 1, "3": 1, "4": 1 },
		"f": { "0": 1 },
		"b": {},
		"_coverageSchema": "43e27e138ebf9cfc5966b082cf9a028302ed4184",
		"hash": "70168985686623acea3501162796abb27bdee83f"
	}
}
