TN:
SF:/home/m6d/Documents/nextjs-ssr/server/controllers/user.js
FN:6,(anonymous_0)
FN:37,(anonymous_1)
FN:55,(anonymous_2)
FN:74,(anonymous_3)
FNF:4
FNH:4
FNDA:3,(anonymous_0)
FNDA:3,(anonymous_1)
FNDA:1,(anonymous_2)
FNDA:4,(anonymous_3)
DA:6,9
DA:7,3
DA:15,3
DA:17,3
DA:25,1
DA:27,2
DA:28,2
DA:30,1
DA:31,1
DA:33,2
DA:37,9
DA:38,3
DA:39,3
DA:40,3
DA:42,2
DA:43,2
DA:45,1
DA:47,1
DA:51,2
DA:55,9
DA:56,1
DA:58,1
DA:74,9
DA:75,4
DA:76,4
DA:77,4
DA:78,4
DA:80,3
DA:81,3
DA:89,1
DA:91,1
DA:93,3
LF:32
LH:32
BRDA:17,0,0,1
BRDA:17,0,1,2
BRDA:18,1,0,3
BRDA:18,1,1,2
BRDA:18,1,2,2
BRDA:18,1,3,2
BRDA:18,1,4,2
BRDA:18,1,5,2
BRDA:28,2,0,1
BRDA:28,2,1,1
BRDA:40,3,0,1
BRDA:40,3,1,2
BRDA:43,4,0,1
BRDA:43,4,1,1
BRDA:78,5,0,1
BRDA:78,5,1,3
BRDA:78,6,0,4
BRDA:78,6,1,3
BRDA:81,7,0,1
BRDA:81,7,1,2
BRF:20
BRH:20
end_of_record
TN:
SF:/home/m6d/Documents/nextjs-ssr/server/helpers/index.js
FN:45,(anonymous_0)
FNF:1
FNH:1
FNDA:7,(anonymous_0)
DA:3,9
DA:4,9
DA:45,9
LF:3
LH:3
BRF:0
BRH:0
end_of_record
TN:
SF:/home/m6d/Documents/nextjs-ssr/server/helpers/setup.js
FN:8,(anonymous_0)
FNF:1
FNH:1
FNDA:5,(anonymous_0)
DA:5,5
DA:6,5
DA:8,5
LF:3
LH:3
BRF:0
BRH:0
end_of_record
TN:
SF:/home/m6d/Documents/nextjs-ssr/server/models/user.js
FNF:0
FNH:0
DA:3,9
LF:1
LH:1
BRF:0
BRH:0
end_of_record
TN:
SF:/home/m6d/Documents/nextjs-ssr/server/routes/index.js
FN:3,(anonymous_0)
FNF:1
FNH:1
FNDA:5,(anonymous_0)
DA:4,5
LF:1
LH:1
BRF:0
BRH:0
end_of_record
TN:
SF:/home/m6d/Documents/nextjs-ssr/server/routes/user.js
FN:9,(anonymous_0)
FNF:1
FNH:1
FNDA:5,(anonymous_0)
DA:10,5
DA:11,5
DA:12,5
DA:13,5
DA:14,5
LF:5
LH:5
BRF:0
BRH:0
end_of_record
