{
	"/home/m6d/Documents/nextjs-ssr/src/actions/Server/index.js": {
		"path": "/home/m6d/Documents/nextjs-ssr/src/actions/Server/index.js",
		"statementMap": {
			"0": {
				"start": { "line": 7, "column": 28 },
				"end": { "line": 7, "column": 73 }
			},
			"1": {
				"start": { "line": 7, "column": 35 },
				"end": { "line": 7, "column": 72 }
			},
			"2": {
				"start": { "line": 13, "column": 26 },
				"end": { "line": 16, "column": 2 }
			},
			"3": {
				"start": { "line": 13, "column": 38 },
				"end": { "line": 16, "column": 1 }
			},
			"4": {
				"start": { "line": 22, "column": 24 },
				"end": { "line": 25, "column": 2 }
			},
			"5": {
				"start": { "line": 22, "column": 32 },
				"end": { "line": 25, "column": 1 }
			}
		},
		"fnMap": {
			"0": {
				"name": "(anonymous_0)",
				"decl": {
					"start": { "line": 7, "column": 28 },
					"end": { "line": 7, "column": 29 }
				},
				"loc": {
					"start": { "line": 7, "column": 35 },
					"end": { "line": 7, "column": 72 }
				},
				"line": 7
			},
			"1": {
				"name": "(anonymous_1)",
				"decl": {
					"start": { "line": 13, "column": 26 },
					"end": { "line": 13, "column": 27 }
				},
				"loc": {
					"start": { "line": 13, "column": 38 },
					"end": { "line": 16, "column": 1 }
				},
				"line": 13
			},
			"2": {
				"name": "(anonymous_2)",
				"decl": {
					"start": { "line": 22, "column": 24 },
					"end": { "line": 22, "column": 25 }
				},
				"loc": {
					"start": { "line": 22, "column": 32 },
					"end": { "line": 25, "column": 1 }
				},
				"line": 22
			}
		},
		"branchMap": {},
		"s": { "0": 30, "1": 1, "2": 30, "3": 10, "4": 30, "5": 6 },
		"f": { "0": 1, "1": 10, "2": 6 },
		"b": {},
		"_coverageSchema": "43e27e138ebf9cfc5966b082cf9a028302ed4184",
		"hash": "cfa7eb82505eb65b85cd289b2e6e68b1ba89496b"
	},
	"/home/m6d/Documents/nextjs-ssr/src/actions/Users/index.js": {
		"path": "/home/m6d/Documents/nextjs-ssr/src/actions/Users/index.js",
		"statementMap": {
			"0": {
				"start": { "line": 9, "column": 26 },
				"end": { "line": 12, "column": 2 }
			},
			"1": {
				"start": { "line": 9, "column": 42 },
				"end": { "line": 12, "column": 1 }
			},
			"2": {
				"start": { "line": 19, "column": 26 },
				"end": { "line": 22, "column": 2 }
			},
			"3": {
				"start": { "line": 19, "column": 33 },
				"end": { "line": 22, "column": 1 }
			},
			"4": {
				"start": { "line": 28, "column": 26 },
				"end": { "line": 30, "column": 2 }
			},
			"5": {
				"start": { "line": 28, "column": 33 },
				"end": { "line": 30, "column": 1 }
			},
			"6": {
				"start": { "line": 36, "column": 22 },
				"end": { "line": 38, "column": 2 }
			},
			"7": {
				"start": { "line": 36, "column": 29 },
				"end": { "line": 38, "column": 1 }
			},
			"8": {
				"start": { "line": 45, "column": 24 },
				"end": { "line": 48, "column": 2 }
			},
			"9": {
				"start": { "line": 45, "column": 33 },
				"end": { "line": 48, "column": 1 }
			},
			"10": {
				"start": { "line": 55, "column": 26 },
				"end": { "line": 59, "column": 2 }
			},
			"11": {
				"start": { "line": 55, "column": 46 },
				"end": { "line": 59, "column": 1 }
			}
		},
		"fnMap": {
			"0": {
				"name": "(anonymous_0)",
				"decl": {
					"start": { "line": 9, "column": 26 },
					"end": { "line": 9, "column": 27 }
				},
				"loc": {
					"start": { "line": 9, "column": 42 },
					"end": { "line": 12, "column": 1 }
				},
				"line": 9
			},
			"1": {
				"name": "(anonymous_1)",
				"decl": {
					"start": { "line": 19, "column": 26 },
					"end": { "line": 19, "column": 27 }
				},
				"loc": {
					"start": { "line": 19, "column": 33 },
					"end": { "line": 22, "column": 1 }
				},
				"line": 19
			},
			"2": {
				"name": "(anonymous_2)",
				"decl": {
					"start": { "line": 28, "column": 26 },
					"end": { "line": 28, "column": 27 }
				},
				"loc": {
					"start": { "line": 28, "column": 33 },
					"end": { "line": 30, "column": 1 }
				},
				"line": 28
			},
			"3": {
				"name": "(anonymous_3)",
				"decl": {
					"start": { "line": 36, "column": 22 },
					"end": { "line": 36, "column": 23 }
				},
				"loc": {
					"start": { "line": 36, "column": 29 },
					"end": { "line": 38, "column": 1 }
				},
				"line": 36
			},
			"4": {
				"name": "(anonymous_4)",
				"decl": {
					"start": { "line": 45, "column": 24 },
					"end": { "line": 45, "column": 25 }
				},
				"loc": {
					"start": { "line": 45, "column": 33 },
					"end": { "line": 48, "column": 1 }
				},
				"line": 45
			},
			"5": {
				"name": "(anonymous_5)",
				"decl": {
					"start": { "line": 55, "column": 26 },
					"end": { "line": 55, "column": 27 }
				},
				"loc": {
					"start": { "line": 55, "column": 46 },
					"end": { "line": 59, "column": 1 }
				},
				"line": 55
			}
		},
		"branchMap": {
			"0": {
				"loc": {
					"start": { "line": 47, "column": 10 },
					"end": { "line": 47, "column": 36 }
				},
				"type": "cond-expr",
				"locations": [
					{
						"start": { "line": 47, "column": 27 },
						"end": { "line": 47, "column": 31 }
					},
					{
						"start": { "line": 47, "column": 34 },
						"end": { "line": 47, "column": 36 }
					}
				],
				"line": 47
			}
		},
		"s": {
			"0": 30,
			"1": 1,
			"2": 30,
			"3": 1,
			"4": 30,
			"5": 2,
			"6": 30,
			"7": 1,
			"8": 30,
			"9": 11,
			"10": 30,
			"11": 1
		},
		"f": { "0": 1, "1": 1, "2": 2, "3": 1, "4": 11, "5": 1 },
		"b": { "0": [10, 1] },
		"_coverageSchema": "43e27e138ebf9cfc5966b082cf9a028302ed4184",
		"hash": "943fa2d4f09048019f772194ad2a9ef03138ea07"
	},
	"/home/m6d/Documents/nextjs-ssr/src/components/Button/Button.js": {
		"path": "/home/m6d/Documents/nextjs-ssr/src/components/Button/Button.js",
		"statementMap": {
			"0": {
				"start": { "line": 5, "column": 15 },
				"end": { "line": 15, "column": 1 }
			},
			"1": {
				"start": { "line": 6, "column": 1 },
				"end": { "line": 14, "column": 10 }
			},
			"2": {
				"start": { "line": 17, "column": 0 },
				"end": { "line": 26, "column": 2 }
			}
		},
		"fnMap": {
			"0": {
				"name": "(anonymous_0)",
				"decl": {
					"start": { "line": 5, "column": 15 },
					"end": { "line": 5, "column": 16 }
				},
				"loc": {
					"start": { "line": 6, "column": 1 },
					"end": { "line": 14, "column": 10 }
				},
				"line": 6
			}
		},
		"branchMap": {},
		"s": { "0": 5, "1": 23, "2": 5 },
		"f": { "0": 23 },
		"b": {},
		"_coverageSchema": "43e27e138ebf9cfc5966b082cf9a028302ed4184",
		"hash": "b0a86fbe038d73859c37cf3aaa17d71efe9c618d"
	},
	"/home/m6d/Documents/nextjs-ssr/src/components/Button/index.js": {
		"path": "/home/m6d/Documents/nextjs-ssr/src/components/Button/index.js",
		"statementMap": {
			"0": {
				"start": { "line": 7, "column": 2 },
				"end": { "line": 7, "column": 38 }
			},
			"1": {
				"start": { "line": 7, "column": 21 },
				"end": { "line": 7, "column": 38 }
			},
			"2": {
				"start": { "line": 8, "column": 2 },
				"end": { "line": 8, "column": 37 }
			},
			"3": {
				"start": { "line": 8, "column": 20 },
				"end": { "line": 8, "column": 37 }
			},
			"4": {
				"start": { "line": 9, "column": 2 },
				"end": { "line": 9, "column": 19 }
			},
			"5": {
				"start": { "line": 14, "column": 3 },
				"end": { "line": 14, "column": 39 }
			},
			"6": {
				"start": { "line": 14, "column": 22 },
				"end": { "line": 14, "column": 39 }
			},
			"7": {
				"start": { "line": 15, "column": 3 },
				"end": { "line": 15, "column": 38 }
			},
			"8": {
				"start": { "line": 15, "column": 21 },
				"end": { "line": 15, "column": 38 }
			},
			"9": {
				"start": { "line": 16, "column": 3 },
				"end": { "line": 16, "column": 20 }
			},
			"10": {
				"start": { "line": 32, "column": 3 },
				"end": { "line": 32, "column": 39 }
			},
			"11": {
				"start": { "line": 32, "column": 22 },
				"end": { "line": 32, "column": 39 }
			},
			"12": {
				"start": { "line": 33, "column": 3 },
				"end": { "line": 33, "column": 38 }
			},
			"13": {
				"start": { "line": 33, "column": 21 },
				"end": { "line": 33, "column": 38 }
			},
			"14": {
				"start": { "line": 34, "column": 3 },
				"end": { "line": 34, "column": 20 }
			},
			"15": {
				"start": { "line": 37, "column": 3 },
				"end": { "line": 37, "column": 39 }
			},
			"16": {
				"start": { "line": 37, "column": 22 },
				"end": { "line": 37, "column": 39 }
			},
			"17": {
				"start": { "line": 38, "column": 3 },
				"end": { "line": 38, "column": 38 }
			},
			"18": {
				"start": { "line": 38, "column": 21 },
				"end": { "line": 38, "column": 38 }
			},
			"19": {
				"start": { "line": 39, "column": 3 },
				"end": { "line": 39, "column": 20 }
			}
		},
		"fnMap": {
			"0": {
				"name": "(anonymous_0)",
				"decl": {
					"start": { "line": 6, "column": 10 },
					"end": { "line": 6, "column": 11 }
				},
				"loc": {
					"start": { "line": 6, "column": 19 },
					"end": { "line": 10, "column": 2 }
				},
				"line": 6
			},
			"1": {
				"name": "(anonymous_1)",
				"decl": {
					"start": { "line": 13, "column": 4 },
					"end": { "line": 13, "column": 5 }
				},
				"loc": {
					"start": { "line": 13, "column": 13 },
					"end": { "line": 17, "column": 3 }
				},
				"line": 13
			},
			"2": {
				"name": "(anonymous_2)",
				"decl": {
					"start": { "line": 31, "column": 11 },
					"end": { "line": 31, "column": 12 }
				},
				"loc": {
					"start": { "line": 31, "column": 20 },
					"end": { "line": 35, "column": 3 }
				},
				"line": 31
			},
			"3": {
				"name": "(anonymous_3)",
				"decl": {
					"start": { "line": 36, "column": 18 },
					"end": { "line": 36, "column": 19 }
				},
				"loc": {
					"start": { "line": 36, "column": 27 },
					"end": { "line": 40, "column": 3 }
				},
				"line": 36
			}
		},
		"branchMap": {
			"0": {
				"loc": {
					"start": { "line": 7, "column": 2 },
					"end": { "line": 7, "column": 38 }
				},
				"type": "if",
				"locations": [
					{
						"start": { "line": 7, "column": 2 },
						"end": { "line": 7, "column": 38 }
					},
					{
						"start": { "line": 7, "column": 2 },
						"end": { "line": 7, "column": 38 }
					}
				],
				"line": 7
			},
			"1": {
				"loc": {
					"start": { "line": 8, "column": 2 },
					"end": { "line": 8, "column": 37 }
				},
				"type": "if",
				"locations": [
					{
						"start": { "line": 8, "column": 2 },
						"end": { "line": 8, "column": 37 }
					},
					{
						"start": { "line": 8, "column": 2 },
						"end": { "line": 8, "column": 37 }
					}
				],
				"line": 8
			},
			"2": {
				"loc": {
					"start": { "line": 14, "column": 3 },
					"end": { "line": 14, "column": 39 }
				},
				"type": "if",
				"locations": [
					{
						"start": { "line": 14, "column": 3 },
						"end": { "line": 14, "column": 39 }
					},
					{
						"start": { "line": 14, "column": 3 },
						"end": { "line": 14, "column": 39 }
					}
				],
				"line": 14
			},
			"3": {
				"loc": {
					"start": { "line": 15, "column": 3 },
					"end": { "line": 15, "column": 38 }
				},
				"type": "if",
				"locations": [
					{
						"start": { "line": 15, "column": 3 },
						"end": { "line": 15, "column": 38 }
					},
					{
						"start": { "line": 15, "column": 3 },
						"end": { "line": 15, "column": 38 }
					}
				],
				"line": 15
			},
			"4": {
				"loc": {
					"start": { "line": 32, "column": 3 },
					"end": { "line": 32, "column": 39 }
				},
				"type": "if",
				"locations": [
					{
						"start": { "line": 32, "column": 3 },
						"end": { "line": 32, "column": 39 }
					},
					{
						"start": { "line": 32, "column": 3 },
						"end": { "line": 32, "column": 39 }
					}
				],
				"line": 32
			},
			"5": {
				"loc": {
					"start": { "line": 33, "column": 3 },
					"end": { "line": 33, "column": 38 }
				},
				"type": "if",
				"locations": [
					{
						"start": { "line": 33, "column": 3 },
						"end": { "line": 33, "column": 38 }
					},
					{
						"start": { "line": 33, "column": 3 },
						"end": { "line": 33, "column": 38 }
					}
				],
				"line": 33
			},
			"6": {
				"loc": {
					"start": { "line": 37, "column": 3 },
					"end": { "line": 37, "column": 39 }
				},
				"type": "if",
				"locations": [
					{
						"start": { "line": 37, "column": 3 },
						"end": { "line": 37, "column": 39 }
					},
					{
						"start": { "line": 37, "column": 3 },
						"end": { "line": 37, "column": 39 }
					}
				],
				"line": 37
			},
			"7": {
				"loc": {
					"start": { "line": 38, "column": 3 },
					"end": { "line": 38, "column": 38 }
				},
				"type": "if",
				"locations": [
					{
						"start": { "line": 38, "column": 3 },
						"end": { "line": 38, "column": 38 }
					},
					{
						"start": { "line": 38, "column": 3 },
						"end": { "line": 38, "column": 38 }
					}
				],
				"line": 38
			}
		},
		"s": {
			"0": 23,
			"1": 16,
			"2": 7,
			"3": 2,
			"4": 5,
			"5": 23,
			"6": 16,
			"7": 7,
			"8": 2,
			"9": 5,
			"10": 23,
			"11": 16,
			"12": 7,
			"13": 2,
			"14": 5,
			"15": 23,
			"16": 16,
			"17": 7,
			"18": 2,
			"19": 5
		},
		"f": { "0": 23, "1": 23, "2": 23, "3": 23 },
		"b": {
			"0": [16, 7],
			"1": [2, 5],
			"2": [16, 7],
			"3": [2, 5],
			"4": [16, 7],
			"5": [2, 5],
			"6": [16, 7],
			"7": [2, 5]
		},
		"_coverageSchema": "43e27e138ebf9cfc5966b082cf9a028302ed4184",
		"hash": "e5ca9e221e1397ad1d01b0edbc3671b173e340c4"
	},
	"/home/m6d/Documents/nextjs-ssr/src/components/Card/Card.js": {
		"path": "/home/m6d/Documents/nextjs-ssr/src/components/Card/Card.js",
		"statementMap": {
			"0": {
				"start": { "line": 10, "column": 13 },
				"end": { "line": 57, "column": 1 }
			},
			"1": {
				"start": { "line": 22, "column": 1 },
				"end": { "line": 56, "column": 7 }
			},
			"2": {
				"start": { "line": 30, "column": 41 },
				"end": { "line": 30, "column": 57 }
			},
			"3": {
				"start": { "line": 31, "column": 45 },
				"end": { "line": 31, "column": 63 }
			},
			"4": {
				"start": { "line": 59, "column": 0 },
				"end": { "line": 76, "column": 2 }
			}
		},
		"fnMap": {
			"0": {
				"name": "(anonymous_0)",
				"decl": {
					"start": { "line": 10, "column": 13 },
					"end": { "line": 10, "column": 14 }
				},
				"loc": {
					"start": { "line": 22, "column": 1 },
					"end": { "line": 56, "column": 7 }
				},
				"line": 22
			},
			"1": {
				"name": "(anonymous_1)",
				"decl": {
					"start": { "line": 30, "column": 35 },
					"end": { "line": 30, "column": 36 }
				},
				"loc": {
					"start": { "line": 30, "column": 41 },
					"end": { "line": 30, "column": 57 }
				},
				"line": 30
			},
			"2": {
				"name": "(anonymous_2)",
				"decl": {
					"start": { "line": 31, "column": 39 },
					"end": { "line": 31, "column": 40 }
				},
				"loc": {
					"start": { "line": 31, "column": 45 },
					"end": { "line": 31, "column": 63 }
				},
				"line": 31
			}
		},
		"branchMap": {
			"0": {
				"loc": {
					"start": { "line": 41, "column": 4 },
					"end": { "line": 46, "column": 4 }
				},
				"type": "binary-expr",
				"locations": [
					{
						"start": { "line": 41, "column": 4 },
						"end": { "line": 41, "column": 9 }
					},
					{
						"start": { "line": 42, "column": 4 },
						"end": { "line": 45, "column": 7 }
					}
				],
				"line": 41
			}
		},
		"s": { "0": 3, "1": 3, "2": 1, "3": 1, "4": 3 },
		"f": { "0": 3, "1": 1, "2": 1 },
		"b": { "0": [3, 3] },
		"_coverageSchema": "43e27e138ebf9cfc5966b082cf9a028302ed4184",
		"hash": "9590cadff249e7fe64afc8b210c9eaf5342eb310"
	},
	"/home/m6d/Documents/nextjs-ssr/src/components/Card/Divider/index.js": {
		"path": "/home/m6d/Documents/nextjs-ssr/src/components/Card/Divider/index.js",
		"statementMap": {
			"0": {
				"start": { "line": 4, "column": 1 },
				"end": { "line": 4, "column": 106 }
			}
		},
		"fnMap": {
			"0": {
				"name": "(anonymous_0)",
				"decl": {
					"start": { "line": 3, "column": 15 },
					"end": { "line": 3, "column": 16 }
				},
				"loc": {
					"start": { "line": 4, "column": 1 },
					"end": { "line": 4, "column": 106 }
				},
				"line": 4
			}
		},
		"branchMap": {},
		"s": { "0": 13 },
		"f": { "0": 13 },
		"b": {},
		"_coverageSchema": "43e27e138ebf9cfc5966b082cf9a028302ed4184",
		"hash": "bab12d25341891d337a4eb15fa4221f97ac18172"
	},
	"/home/m6d/Documents/nextjs-ssr/src/components/Container/index.js": {
		"path": "/home/m6d/Documents/nextjs-ssr/src/components/Container/index.js",
		"statementMap": {
			"0": {
				"start": { "line": 4, "column": 18 },
				"end": { "line": 16, "column": 1 }
			},
			"1": {
				"start": { "line": 5, "column": 1 },
				"end": { "line": 15, "column": 7 }
			},
			"2": {
				"start": { "line": 18, "column": 0 },
				"end": { "line": 26, "column": 2 }
			}
		},
		"fnMap": {
			"0": {
				"name": "(anonymous_0)",
				"decl": {
					"start": { "line": 4, "column": 18 },
					"end": { "line": 4, "column": 19 }
				},
				"loc": {
					"start": { "line": 5, "column": 1 },
					"end": { "line": 15, "column": 7 }
				},
				"line": 5
			}
		},
		"branchMap": {},
		"s": { "0": 4, "1": 2, "2": 4 },
		"f": { "0": 2 },
		"b": {},
		"_coverageSchema": "43e27e138ebf9cfc5966b082cf9a028302ed4184",
		"hash": "292d7c0b32e46706d7a188b9c3490ad988bad257"
	},
	"/home/m6d/Documents/nextjs-ssr/src/components/CreateIcon/index.js": {
		"path": "/home/m6d/Documents/nextjs-ssr/src/components/CreateIcon/index.js",
		"statementMap": {
			"0": {
				"start": { "line": 4, "column": 19 },
				"end": { "line": 8, "column": 1 }
			},
			"1": {
				"start": { "line": 5, "column": 1 },
				"end": { "line": 7, "column": 8 }
			}
		},
		"fnMap": {
			"0": {
				"name": "(anonymous_0)",
				"decl": {
					"start": { "line": 4, "column": 19 },
					"end": { "line": 4, "column": 20 }
				},
				"loc": {
					"start": { "line": 5, "column": 1 },
					"end": { "line": 7, "column": 8 }
				},
				"line": 5
			}
		},
		"branchMap": {},
		"s": { "0": 3, "1": 2 },
		"f": { "0": 2 },
		"b": {},
		"_coverageSchema": "43e27e138ebf9cfc5966b082cf9a028302ed4184",
		"hash": "d6b9cbb6695370d79eb0b2954459fe2f01ccc3ae"
	},
	"/home/m6d/Documents/nextjs-ssr/src/components/DeleteButton/DeleteButton.js": {
		"path": "/home/m6d/Documents/nextjs-ssr/src/components/DeleteButton/DeleteButton.js",
		"statementMap": {
			"0": {
				"start": { "line": 5, "column": 21 },
				"end": { "line": 15, "column": 1 }
			},
			"1": {
				"start": { "line": 6, "column": 1 },
				"end": { "line": 14, "column": 10 }
			},
			"2": {
				"start": { "line": 17, "column": 0 },
				"end": { "line": 24, "column": 2 }
			}
		},
		"fnMap": {
			"0": {
				"name": "(anonymous_0)",
				"decl": {
					"start": { "line": 5, "column": 21 },
					"end": { "line": 5, "column": 22 }
				},
				"loc": {
					"start": { "line": 6, "column": 1 },
					"end": { "line": 14, "column": 10 }
				},
				"line": 6
			}
		},
		"branchMap": {},
		"s": { "0": 4, "1": 4, "2": 4 },
		"f": { "0": 4 },
		"b": {},
		"_coverageSchema": "43e27e138ebf9cfc5966b082cf9a028302ed4184",
		"hash": "467a3cb0b2d948aca2cad2199ee38fb4571ca25b"
	},
	"/home/m6d/Documents/nextjs-ssr/src/components/DisplayUserList/index.js": {
		"path": "/home/m6d/Documents/nextjs-ssr/src/components/DisplayUserList/index.js",
		"statementMap": {
			"0": {
				"start": { "line": 9, "column": 24 },
				"end": { "line": 51, "column": 1 }
			},
			"1": {
				"start": { "line": 21, "column": 1 },
				"end": { "line": 50, "column": 4 }
			},
			"2": {
				"start": { "line": 24, "column": 4 },
				"end": { "line": 45, "column": 16 }
			},
			"3": {
				"start": { "line": 53, "column": 0 },
				"end": { "line": 84, "column": 2 }
			}
		},
		"fnMap": {
			"0": {
				"name": "(anonymous_0)",
				"decl": {
					"start": { "line": 9, "column": 24 },
					"end": { "line": 9, "column": 25 }
				},
				"loc": {
					"start": { "line": 21, "column": 1 },
					"end": { "line": 50, "column": 4 }
				},
				"line": 21
			},
			"1": {
				"name": "(anonymous_1)",
				"decl": {
					"start": { "line": 23, "column": 12 },
					"end": { "line": 23, "column": 13 }
				},
				"loc": {
					"start": { "line": 24, "column": 4 },
					"end": { "line": 45, "column": 16 }
				},
				"line": 24
			}
		},
		"branchMap": {
			"0": {
				"loc": {
					"start": { "line": 22, "column": 3 },
					"end": { "line": 49, "column": 3 }
				},
				"type": "cond-expr",
				"locations": [
					{
						"start": { "line": 23, "column": 3 },
						"end": { "line": 46, "column": 5 }
					},
					{
						"start": { "line": 48, "column": 3 },
						"end": { "line": 48, "column": 13 }
					}
				],
				"line": 22
			},
			"1": {
				"loc": {
					"start": { "line": 25, "column": 6 },
					"end": { "line": 44, "column": 6 }
				},
				"type": "cond-expr",
				"locations": [
					{
						"start": { "line": 26, "column": 6 },
						"end": { "line": 31, "column": 8 }
					},
					{
						"start": { "line": 33, "column": 6 },
						"end": { "line": 43, "column": 8 }
					}
				],
				"line": 25
			}
		},
		"s": { "0": 2, "1": 5, "2": 2, "3": 2 },
		"f": { "0": 5, "1": 2 },
		"b": { "0": [2, 3], "1": [1, 1] },
		"_coverageSchema": "43e27e138ebf9cfc5966b082cf9a028302ed4184",
		"hash": "626a589876d4da8b4d2155ea22ef77522105d4c2"
	},
	"/home/m6d/Documents/nextjs-ssr/src/components/EditButton/EditButton.js": {
		"path": "/home/m6d/Documents/nextjs-ssr/src/components/EditButton/EditButton.js",
		"statementMap": {
			"0": {
				"start": { "line": 5, "column": 19 },
				"end": { "line": 15, "column": 1 }
			},
			"1": {
				"start": { "line": 6, "column": 1 },
				"end": { "line": 14, "column": 10 }
			},
			"2": {
				"start": { "line": 17, "column": 0 },
				"end": { "line": 24, "column": 2 }
			}
		},
		"fnMap": {
			"0": {
				"name": "(anonymous_0)",
				"decl": {
					"start": { "line": 5, "column": 19 },
					"end": { "line": 5, "column": 20 }
				},
				"loc": {
					"start": { "line": 6, "column": 1 },
					"end": { "line": 14, "column": 10 }
				},
				"line": 6
			}
		},
		"branchMap": {},
		"s": { "0": 4, "1": 4, "2": 4 },
		"f": { "0": 4 },
		"b": {},
		"_coverageSchema": "43e27e138ebf9cfc5966b082cf9a028302ed4184",
		"hash": "12c320d4a6671e7adeabced714aba90a87b8b94a"
	},
	"/home/m6d/Documents/nextjs-ssr/src/components/ExampleIcon/index.js": {
		"path": "/home/m6d/Documents/nextjs-ssr/src/components/ExampleIcon/index.js",
		"statementMap": {
			"0": {
				"start": { "line": 3, "column": 20 },
				"end": { "line": 9, "column": 1 }
			},
			"1": {
				"start": { "line": 4, "column": 1 },
				"end": { "line": 8, "column": 8 }
			}
		},
		"fnMap": {
			"0": {
				"name": "(anonymous_0)",
				"decl": {
					"start": { "line": 3, "column": 20 },
					"end": { "line": 3, "column": 21 }
				},
				"loc": {
					"start": { "line": 4, "column": 1 },
					"end": { "line": 8, "column": 8 }
				},
				"line": 4
			}
		},
		"branchMap": {},
		"s": { "0": 2, "1": 5 },
		"f": { "0": 5 },
		"b": {},
		"_coverageSchema": "43e27e138ebf9cfc5966b082cf9a028302ed4184",
		"hash": "c7b0335338da107dc115397eb0316c8c44ff8c4a"
	},
	"/home/m6d/Documents/nextjs-ssr/src/components/FieldError/index.js": {
		"path": "/home/m6d/Documents/nextjs-ssr/src/components/FieldError/index.js",
		"statementMap": {
			"0": {
				"start": { "line": 4, "column": 19 },
				"end": { "line": 11, "column": 2 }
			},
			"1": {
				"start": { "line": 5, "column": 1 },
				"end": { "line": 11, "column": 2 }
			},
			"2": {
				"start": { "line": 13, "column": 0 },
				"end": { "line": 16, "column": 2 }
			}
		},
		"fnMap": {
			"0": {
				"name": "(anonymous_0)",
				"decl": {
					"start": { "line": 4, "column": 19 },
					"end": { "line": 4, "column": 20 }
				},
				"loc": {
					"start": { "line": 5, "column": 1 },
					"end": { "line": 11, "column": 2 }
				},
				"line": 5
			}
		},
		"branchMap": {
			"0": {
				"loc": {
					"start": { "line": 5, "column": 1 },
					"end": { "line": 11, "column": 2 }
				},
				"type": "cond-expr",
				"locations": [
					{
						"start": { "line": 6, "column": 2 },
						"end": { "line": 8, "column": 9 }
					},
					{
						"start": { "line": 10, "column": 2 },
						"end": { "line": 10, "column": 49 }
					}
				],
				"line": 5
			},
			"1": {
				"loc": {
					"start": { "line": 5, "column": 1 },
					"end": { "line": 5, "column": 23 }
				},
				"type": "binary-expr",
				"locations": [
					{
						"start": { "line": 5, "column": 1 },
						"end": { "line": 5, "column": 11 }
					},
					{
						"start": { "line": 5, "column": 15 },
						"end": { "line": 5, "column": 23 }
					}
				],
				"line": 5
			}
		},
		"s": { "0": 6, "1": 148, "2": 6 },
		"f": { "0": 148 },
		"b": { "0": [12, 136], "1": [148, 134] },
		"_coverageSchema": "43e27e138ebf9cfc5966b082cf9a028302ed4184",
		"hash": "901dc8b18e36c6b70e1ac23c1946b66716d92267"
	},
	"/home/m6d/Documents/nextjs-ssr/src/components/FormError/index.js": {
		"path": "/home/m6d/Documents/nextjs-ssr/src/components/FormError/index.js",
		"statementMap": {
			"0": {
				"start": { "line": 4, "column": 18 },
				"end": { "line": 14, "column": 9 }
			},
			"1": {
				"start": { "line": 5, "column": 1 },
				"end": { "line": 14, "column": 9 }
			},
			"2": {
				"start": { "line": 16, "column": 0 },
				"end": { "line": 18, "column": 2 }
			}
		},
		"fnMap": {
			"0": {
				"name": "(anonymous_0)",
				"decl": {
					"start": { "line": 4, "column": 18 },
					"end": { "line": 4, "column": 19 }
				},
				"loc": {
					"start": { "line": 5, "column": 1 },
					"end": { "line": 14, "column": 9 }
				},
				"line": 5
			}
		},
		"branchMap": {
			"0": {
				"loc": {
					"start": { "line": 5, "column": 1 },
					"end": { "line": 14, "column": 9 }
				},
				"type": "cond-expr",
				"locations": [
					{
						"start": { "line": 6, "column": 2 },
						"end": { "line": 13, "column": 8 }
					},
					{
						"start": { "line": 14, "column": 5 },
						"end": { "line": 14, "column": 9 }
					}
				],
				"line": 5
			}
		},
		"s": { "0": 4, "1": 16, "2": 4 },
		"f": { "0": 16 },
		"b": { "0": [2, 14] },
		"_coverageSchema": "43e27e138ebf9cfc5966b082cf9a028302ed4184",
		"hash": "ff709e97128b9089bdaee4c1f7447e5e0b1cf014"
	},
	"/home/m6d/Documents/nextjs-ssr/src/components/HomeIcon/index.js": {
		"path": "/home/m6d/Documents/nextjs-ssr/src/components/HomeIcon/index.js",
		"statementMap": {
			"0": {
				"start": { "line": 4, "column": 17 },
				"end": { "line": 8, "column": 1 }
			},
			"1": {
				"start": { "line": 5, "column": 1 },
				"end": { "line": 7, "column": 8 }
			}
		},
		"fnMap": {
			"0": {
				"name": "(anonymous_0)",
				"decl": {
					"start": { "line": 4, "column": 17 },
					"end": { "line": 4, "column": 18 }
				},
				"loc": {
					"start": { "line": 5, "column": 1 },
					"end": { "line": 7, "column": 8 }
				},
				"line": 5
			}
		},
		"branchMap": {},
		"s": { "0": 4, "1": 2 },
		"f": { "0": 2 },
		"b": {},
		"_coverageSchema": "43e27e138ebf9cfc5966b082cf9a028302ed4184",
		"hash": "fc5b4530e3f001da46eb0f88121f748d960e568c"
	},
	"/home/m6d/Documents/nextjs-ssr/src/components/Input/Input.js": {
		"path": "/home/m6d/Documents/nextjs-ssr/src/components/Input/Input.js",
		"statementMap": {
			"0": {
				"start": { "line": 5, "column": 14 },
				"end": { "line": 37, "column": 1 }
			},
			"1": {
				"start": { "line": 15, "column": 1 },
				"end": { "line": 36, "column": 7 }
			},
			"2": {
				"start": { "line": 39, "column": 0 },
				"end": { "line": 50, "column": 2 }
			}
		},
		"fnMap": {
			"0": {
				"name": "(anonymous_0)",
				"decl": {
					"start": { "line": 5, "column": 14 },
					"end": { "line": 5, "column": 15 }
				},
				"loc": {
					"start": { "line": 15, "column": 1 },
					"end": { "line": 36, "column": 7 }
				},
				"line": 15
			}
		},
		"branchMap": {
			"0": {
				"loc": {
					"start": { "line": 27, "column": 24 },
					"end": { "line": 27, "column": 70 }
				},
				"type": "cond-expr",
				"locations": [
					{
						"start": { "line": 27, "column": 49 },
						"end": { "line": 27, "column": 58 }
					},
					{
						"start": { "line": 27, "column": 61 },
						"end": { "line": 27, "column": 70 }
					}
				],
				"line": 27
			},
			"1": {
				"loc": {
					"start": { "line": 27, "column": 24 },
					"end": { "line": 27, "column": 46 }
				},
				"type": "binary-expr",
				"locations": [
					{
						"start": { "line": 27, "column": 24 },
						"end": { "line": 27, "column": 32 }
					},
					{
						"start": { "line": 27, "column": 36 },
						"end": { "line": 27, "column": 46 }
					}
				],
				"line": 27
			}
		},
		"s": { "0": 4, "1": 129, "2": 4 },
		"f": { "0": 129 },
		"b": { "0": [9, 120], "1": [129, 10] },
		"_coverageSchema": "43e27e138ebf9cfc5966b082cf9a028302ed4184",
		"hash": "6ccf09d0c7811df0b3727f08e0fb7860770faaf9"
	},
	"/home/m6d/Documents/nextjs-ssr/src/components/Modal/index.js": {
		"path": "/home/m6d/Documents/nextjs-ssr/src/components/Modal/index.js",
		"statementMap": {
			"0": {
				"start": { "line": 20, "column": 2 },
				"end": { "line": 20, "column": 42 }
			},
			"1": {
				"start": { "line": 28, "column": 10 },
				"end": { "line": 64, "column": 3 }
			},
			"2": {
				"start": { "line": 29, "column": 2 },
				"end": { "line": 64, "column": 3 }
			},
			"3": {
				"start": { "line": 67, "column": 0 },
				"end": { "line": 72, "column": 2 }
			}
		},
		"fnMap": {
			"0": {
				"name": "(anonymous_0)",
				"decl": {
					"start": { "line": 19, "column": 1 },
					"end": { "line": 19, "column": 2 }
				},
				"loc": {
					"start": { "line": 19, "column": 21 },
					"end": { "line": 21, "column": 2 }
				},
				"line": 19
			},
			"1": {
				"name": "(anonymous_1)",
				"decl": {
					"start": { "line": 28, "column": 10 },
					"end": { "line": 28, "column": 11 }
				},
				"loc": {
					"start": { "line": 29, "column": 2 },
					"end": { "line": 64, "column": 3 }
				},
				"line": 29
			}
		},
		"branchMap": {
			"0": {
				"loc": {
					"start": { "line": 50, "column": 21 },
					"end": { "line": 50, "column": 47 }
				},
				"type": "binary-expr",
				"locations": [
					{
						"start": { "line": 50, "column": 21 },
						"end": { "line": 50, "column": 39 }
					},
					{
						"start": { "line": 50, "column": 43 },
						"end": { "line": 50, "column": 47 }
					}
				],
				"line": 50
			}
		},
		"s": { "0": 1, "1": 1, "2": 2, "3": 2 },
		"f": { "0": 1, "1": 2 },
		"b": { "0": [2, 1] },
		"_coverageSchema": "43e27e138ebf9cfc5966b082cf9a028302ed4184",
		"hash": "6f9fa2f8c11aca5426e14223a766ef5d00294adb"
	},
	"/home/m6d/Documents/nextjs-ssr/src/components/Modal/ClickHandler/index.js": {
		"path": "/home/m6d/Documents/nextjs-ssr/src/components/Modal/ClickHandler/index.js",
		"statementMap": {
			"0": {
				"start": { "line": 6, "column": 2 },
				"end": { "line": 6, "column": 66 }
			},
			"1": {
				"start": { "line": 10, "column": 2 },
				"end": { "line": 10, "column": 69 }
			},
			"2": {
				"start": { "line": 13, "column": 22 },
				"end": { "line": 19, "column": 2 }
			},
			"3": {
				"start": { "line": 14, "column": 25 },
				"end": { "line": 14, "column": 35 }
			},
			"4": {
				"start": { "line": 16, "column": 2 },
				"end": { "line": 18, "column": 3 }
			},
			"5": {
				"start": { "line": 17, "column": 3 },
				"end": { "line": 17, "column": 16 }
			},
			"6": {
				"start": { "line": 21, "column": 10 },
				"end": { "line": 25, "column": 2 }
			},
			"7": {
				"start": { "line": 22, "column": 2 },
				"end": { "line": 24, "column": 8 }
			},
			"8": {
				"start": { "line": 22, "column": 40 },
				"end": { "line": 22, "column": 62 }
			},
			"9": {
				"start": { "line": 28, "column": 0 },
				"end": { "line": 31, "column": 2 }
			}
		},
		"fnMap": {
			"0": {
				"name": "(anonymous_0)",
				"decl": {
					"start": { "line": 5, "column": 1 },
					"end": { "line": 5, "column": 2 }
				},
				"loc": {
					"start": { "line": 5, "column": 21 },
					"end": { "line": 7, "column": 2 }
				},
				"line": 5
			},
			"1": {
				"name": "(anonymous_1)",
				"decl": {
					"start": { "line": 9, "column": 1 },
					"end": { "line": 9, "column": 2 }
				},
				"loc": {
					"start": { "line": 9, "column": 24 },
					"end": { "line": 11, "column": 2 }
				},
				"line": 9
			},
			"2": {
				"name": "(anonymous_2)",
				"decl": {
					"start": { "line": 13, "column": 22 },
					"end": { "line": 13, "column": 23 }
				},
				"loc": {
					"start": { "line": 13, "column": 38 },
					"end": { "line": 19, "column": 2 }
				},
				"line": 13
			},
			"3": {
				"name": "(anonymous_3)",
				"decl": {
					"start": { "line": 21, "column": 10 },
					"end": { "line": 21, "column": 11 }
				},
				"loc": {
					"start": { "line": 22, "column": 2 },
					"end": { "line": 24, "column": 8 }
				},
				"line": 22
			},
			"4": {
				"name": "(anonymous_4)",
				"decl": {
					"start": { "line": 22, "column": 31 },
					"end": { "line": 22, "column": 32 }
				},
				"loc": {
					"start": { "line": 22, "column": 40 },
					"end": { "line": 22, "column": 62 }
				},
				"line": 22
			}
		},
		"branchMap": {
			"0": {
				"loc": {
					"start": { "line": 16, "column": 2 },
					"end": { "line": 18, "column": 3 }
				},
				"type": "if",
				"locations": [
					{
						"start": { "line": 16, "column": 2 },
						"end": { "line": 18, "column": 3 }
					},
					{
						"start": { "line": 16, "column": 2 },
						"end": { "line": 18, "column": 3 }
					}
				],
				"line": 16
			},
			"1": {
				"loc": {
					"start": { "line": 16, "column": 6 },
					"end": { "line": 16, "column": 72 }
				},
				"type": "binary-expr",
				"locations": [
					{
						"start": { "line": 16, "column": 6 },
						"end": { "line": 16, "column": 21 }
					},
					{
						"start": { "line": 16, "column": 25 },
						"end": { "line": 16, "column": 58 }
					},
					{
						"start": { "line": 16, "column": 62 },
						"end": { "line": 16, "column": 72 }
					}
				],
				"line": 16
			}
		},
		"s": {
			"0": 5,
			"1": 1,
			"2": 5,
			"3": 2,
			"4": 2,
			"5": 1,
			"6": 5,
			"7": 6,
			"8": 8,
			"9": 3
		},
		"f": { "0": 5, "1": 1, "2": 2, "3": 6, "4": 8 },
		"b": { "0": [1, 1], "1": [2, 2, 1] },
		"_coverageSchema": "43e27e138ebf9cfc5966b082cf9a028302ed4184",
		"hash": "0407b20cfa897d0432082ba7440746b3faadf48b"
	},
	"/home/m6d/Documents/nextjs-ssr/src/components/Modal/ModalContent/index.js": {
		"path": "/home/m6d/Documents/nextjs-ssr/src/components/Modal/ModalContent/index.js",
		"statementMap": {
			"0": {
				"start": { "line": 4, "column": 32 },
				"end": { "line": 4, "column": 51 }
			}
		},
		"fnMap": {
			"0": {
				"name": "(anonymous_0)",
				"decl": {
					"start": { "line": 4, "column": 14 },
					"end": { "line": 4, "column": 15 }
				},
				"loc": {
					"start": { "line": 4, "column": 32 },
					"end": { "line": 4, "column": 51 }
				},
				"line": 4
			}
		},
		"branchMap": {
			"0": {
				"loc": {
					"start": { "line": 4, "column": 32 },
					"end": { "line": 4, "column": 51 }
				},
				"type": "binary-expr",
				"locations": [
					{
						"start": { "line": 4, "column": 32 },
						"end": { "line": 4, "column": 40 }
					},
					{
						"start": { "line": 4, "column": 44 },
						"end": { "line": 4, "column": 51 }
					}
				],
				"line": 4
			}
		},
		"s": { "0": 2 },
		"f": { "0": 2 },
		"b": { "0": [2, 2] },
		"_coverageSchema": "43e27e138ebf9cfc5966b082cf9a028302ed4184",
		"hash": "aa4412ab26da2eee2a4144f598b86a1bb3e7083d"
	},
	"/home/m6d/Documents/nextjs-ssr/src/components/NoData/index.js": {
		"path": "/home/m6d/Documents/nextjs-ssr/src/components/NoData/index.js",
		"statementMap": {
			"0": {
				"start": { "line": 6, "column": 15 },
				"end": { "line": 17, "column": 1 }
			},
			"1": {
				"start": { "line": 7, "column": 1 },
				"end": { "line": 16, "column": 13 }
			}
		},
		"fnMap": {
			"0": {
				"name": "(anonymous_0)",
				"decl": {
					"start": { "line": 6, "column": 15 },
					"end": { "line": 6, "column": 16 }
				},
				"loc": {
					"start": { "line": 7, "column": 1 },
					"end": { "line": 16, "column": 13 }
				},
				"line": 7
			}
		},
		"branchMap": {},
		"s": { "0": 3, "1": 1 },
		"f": { "0": 1 },
		"b": {},
		"_coverageSchema": "43e27e138ebf9cfc5966b082cf9a028302ed4184",
		"hash": "71e8d52740713e4f5a2e4abbb888c020e501c303"
	},
	"/home/m6d/Documents/nextjs-ssr/src/components/SeedIcon/index.js": {
		"path": "/home/m6d/Documents/nextjs-ssr/src/components/SeedIcon/index.js",
		"statementMap": {
			"0": {
				"start": { "line": 4, "column": 17 },
				"end": { "line": 8, "column": 1 }
			},
			"1": {
				"start": { "line": 5, "column": 1 },
				"end": { "line": 7, "column": 8 }
			}
		},
		"fnMap": {
			"0": {
				"name": "(anonymous_0)",
				"decl": {
					"start": { "line": 4, "column": 17 },
					"end": { "line": 4, "column": 18 }
				},
				"loc": {
					"start": { "line": 5, "column": 1 },
					"end": { "line": 7, "column": 8 }
				},
				"line": 5
			}
		},
		"branchMap": {},
		"s": { "0": 3, "1": 2 },
		"f": { "0": 2 },
		"b": {},
		"_coverageSchema": "43e27e138ebf9cfc5966b082cf9a028302ed4184",
		"hash": "71ee0a700f720d89bf339d6e109572541af50056"
	},
	"/home/m6d/Documents/nextjs-ssr/src/components/StyledLink/index.js": {
		"path": "/home/m6d/Documents/nextjs-ssr/src/components/StyledLink/index.js",
		"statementMap": {
			"0": {
				"start": { "line": 6, "column": 10 },
				"end": { "line": 12, "column": 2 }
			},
			"1": {
				"start": { "line": 7, "column": 2 },
				"end": { "line": 11, "column": 9 }
			},
			"2": {
				"start": { "line": 15, "column": 0 },
				"end": { "line": 18, "column": 2 }
			}
		},
		"fnMap": {
			"0": {
				"name": "(anonymous_0)",
				"decl": {
					"start": { "line": 6, "column": 10 },
					"end": { "line": 6, "column": 11 }
				},
				"loc": {
					"start": { "line": 7, "column": 2 },
					"end": { "line": 11, "column": 9 }
				},
				"line": 7
			}
		},
		"branchMap": {},
		"s": { "0": 5, "1": 5, "2": 4 },
		"f": { "0": 5 },
		"b": {},
		"_coverageSchema": "43e27e138ebf9cfc5966b082cf9a028302ed4184",
		"hash": "df18bdee2fa5ca09fa3a2b4f3b0f1347286cff1d"
	},
	"/home/m6d/Documents/nextjs-ssr/src/components/SubTitle/index.js": {
		"path": "/home/m6d/Documents/nextjs-ssr/src/components/SubTitle/index.js",
		"statementMap": {
			"0": {
				"start": { "line": 5, "column": 17 },
				"end": { "line": 5, "column": 75 }
			},
			"1": {
				"start": { "line": 5, "column": 35 },
				"end": { "line": 5, "column": 75 }
			},
			"2": {
				"start": { "line": 7, "column": 0 },
				"end": { "line": 9, "column": 2 }
			}
		},
		"fnMap": {
			"0": {
				"name": "(anonymous_0)",
				"decl": {
					"start": { "line": 5, "column": 17 },
					"end": { "line": 5, "column": 18 }
				},
				"loc": {
					"start": { "line": 5, "column": 35 },
					"end": { "line": 5, "column": 75 }
				},
				"line": 5
			}
		},
		"branchMap": {},
		"s": { "0": 1, "1": 4, "2": 1 },
		"f": { "0": 4 },
		"b": {},
		"_coverageSchema": "43e27e138ebf9cfc5966b082cf9a028302ed4184",
		"hash": "9bc232b1c831e71d9efc2ad3878fc64dd54e538c"
	},
	"/home/m6d/Documents/nextjs-ssr/src/components/TextArea/index.js": {
		"path": "/home/m6d/Documents/nextjs-ssr/src/components/TextArea/index.js",
		"statementMap": {
			"0": {
				"start": { "line": 5, "column": 17 },
				"end": { "line": 42, "column": 1 }
			},
			"1": {
				"start": { "line": 14, "column": 1 },
				"end": { "line": 41, "column": 7 }
			},
			"2": {
				"start": { "line": 44, "column": 0 },
				"end": { "line": 54, "column": 2 }
			}
		},
		"fnMap": {
			"0": {
				"name": "(anonymous_0)",
				"decl": {
					"start": { "line": 5, "column": 17 },
					"end": { "line": 5, "column": 18 }
				},
				"loc": {
					"start": { "line": 14, "column": 1 },
					"end": { "line": 41, "column": 7 }
				},
				"line": 14
			}
		},
		"branchMap": {
			"0": {
				"loc": {
					"start": { "line": 32, "column": 24 },
					"end": { "line": 32, "column": 70 }
				},
				"type": "cond-expr",
				"locations": [
					{
						"start": { "line": 32, "column": 49 },
						"end": { "line": 32, "column": 58 }
					},
					{
						"start": { "line": 32, "column": 61 },
						"end": { "line": 32, "column": 70 }
					}
				],
				"line": 32
			},
			"1": {
				"loc": {
					"start": { "line": 32, "column": 24 },
					"end": { "line": 32, "column": 46 }
				},
				"type": "binary-expr",
				"locations": [
					{
						"start": { "line": 32, "column": 24 },
						"end": { "line": 32, "column": 32 }
					},
					{
						"start": { "line": 32, "column": 36 },
						"end": { "line": 32, "column": 46 }
					}
				],
				"line": 32
			}
		},
		"s": { "0": 4, "1": 17, "2": 4 },
		"f": { "0": 17 },
		"b": { "0": [2, 15], "1": [17, 2] },
		"_coverageSchema": "43e27e138ebf9cfc5966b082cf9a028302ed4184",
		"hash": "df83643c39eb142d3b3c9507f920132d6dc09a03"
	},
	"/home/m6d/Documents/nextjs-ssr/src/components/Toast/index.js": {
		"path": "/home/m6d/Documents/nextjs-ssr/src/components/Toast/index.js",
		"statementMap": {
			"0": {
				"start": { "line": 12, "column": 14 },
				"end": { "line": 14, "column": 1 }
			},
			"1": {
				"start": { "line": 16, "column": 27 },
				"end": { "line": 29, "column": 1 }
			},
			"2": {
				"start": { "line": 17, "column": 1 },
				"end": { "line": 28, "column": 2 }
			},
			"3": {
				"start": { "line": 19, "column": 3 },
				"end": { "line": 19, "column": 36 }
			},
			"4": {
				"start": { "line": 21, "column": 3 },
				"end": { "line": 21, "column": 21 }
			},
			"5": {
				"start": { "line": 23, "column": 3 },
				"end": { "line": 23, "column": 34 }
			},
			"6": {
				"start": { "line": 25, "column": 3 },
				"end": { "line": 25, "column": 50 }
			},
			"7": {
				"start": { "line": 27, "column": 3 },
				"end": { "line": 27, "column": 34 }
			},
			"8": {
				"start": { "line": 31, "column": 21 },
				"end": { "line": 39, "column": 2 }
			},
			"9": {
				"start": { "line": 32, "column": 1 },
				"end": { "line": 39, "column": 2 }
			},
			"10": {
				"start": { "line": 41, "column": 0 },
				"end": { "line": 44, "column": 2 }
			}
		},
		"fnMap": {
			"0": {
				"name": "(anonymous_0)",
				"decl": {
					"start": { "line": 16, "column": 27 },
					"end": { "line": 16, "column": 28 }
				},
				"loc": {
					"start": { "line": 16, "column": 35 },
					"end": { "line": 29, "column": 1 }
				},
				"line": 16
			},
			"1": {
				"name": "(anonymous_1)",
				"decl": {
					"start": { "line": 31, "column": 21 },
					"end": { "line": 31, "column": 22 }
				},
				"loc": {
					"start": { "line": 32, "column": 1 },
					"end": { "line": 39, "column": 2 }
				},
				"line": 32
			}
		},
		"branchMap": {
			"0": {
				"loc": {
					"start": { "line": 17, "column": 1 },
					"end": { "line": 28, "column": 2 }
				},
				"type": "switch",
				"locations": [
					{
						"start": { "line": 18, "column": 2 },
						"end": { "line": 19, "column": 36 }
					},
					{
						"start": { "line": 20, "column": 2 },
						"end": { "line": 21, "column": 21 }
					},
					{
						"start": { "line": 22, "column": 2 },
						"end": { "line": 23, "column": 34 }
					},
					{
						"start": { "line": 24, "column": 2 },
						"end": { "line": 25, "column": 50 }
					},
					{
						"start": { "line": 26, "column": 2 },
						"end": { "line": 27, "column": 34 }
					}
				],
				"line": 17
			}
		},
		"s": {
			"0": 30,
			"1": 30,
			"2": 13,
			"3": 3,
			"4": 2,
			"5": 6,
			"6": 1,
			"7": 1,
			"8": 30,
			"9": 8,
			"10": 30
		},
		"f": { "0": 13, "1": 8 },
		"b": { "0": [3, 2, 6, 1, 1] },
		"_coverageSchema": "43e27e138ebf9cfc5966b082cf9a028302ed4184",
		"hash": "7bba09d9445a07c6d0cd864532b43a0ed4080e70"
	},
	"/home/m6d/Documents/nextjs-ssr/src/components/UserForm/index.js": {
		"path": "/home/m6d/Documents/nextjs-ssr/src/components/UserForm/index.js",
		"statementMap": {
			"0": {
				"start": { "line": 14, "column": 2 },
				"end": { "line": 14, "column": 15 }
			},
			"1": {
				"start": { "line": 16, "column": 2 },
				"end": { "line": 29, "column": 4 }
			},
			"2": {
				"start": { "line": 32, "column": 22 },
				"end": { "line": 36, "column": 2 }
			},
			"3": {
				"start": { "line": 33, "column": 28 },
				"end": { "line": 33, "column": 38 }
			},
			"4": {
				"start": { "line": 35, "column": 2 },
				"end": { "line": 35, "column": 72 }
			},
			"5": {
				"start": { "line": 35, "column": 49 },
				"end": { "line": 35, "column": 72 }
			},
			"6": {
				"start": { "line": 38, "column": 24 },
				"end": { "line": 38, "column": 55 }
			},
			"7": {
				"start": { "line": 38, "column": 30 },
				"end": { "line": 38, "column": 55 }
			},
			"8": {
				"start": { "line": 40, "column": 16 },
				"end": { "line": 41, "column": 34 }
			},
			"9": {
				"start": { "line": 41, "column": 2 },
				"end": { "line": 41, "column": 34 }
			},
			"10": {
				"start": { "line": 43, "column": 16 },
				"end": { "line": 92, "column": 2 }
			},
			"11": {
				"start": { "line": 44, "column": 2 },
				"end": { "line": 44, "column": 21 }
			},
			"12": {
				"start": { "line": 57, "column": 6 },
				"end": { "line": 57, "column": 16 }
			},
			"13": {
				"start": { "line": 59, "column": 22 },
				"end": { "line": 59, "column": 32 }
			},
			"14": {
				"start": { "line": 61, "column": 2 },
				"end": { "line": 74, "column": 3 }
			},
			"15": {
				"start": { "line": 72, "column": 3 },
				"end": { "line": 72, "column": 54 }
			},
			"16": {
				"start": { "line": 72, "column": 19 },
				"end": { "line": 72, "column": 54 }
			},
			"17": {
				"start": { "line": 73, "column": 3 },
				"end": { "line": 73, "column": 15 }
			},
			"18": {
				"start": { "line": 76, "column": 16 },
				"end": { "line": 89, "column": 3 }
			},
			"19": {
				"start": { "line": 91, "column": 2 },
				"end": { "line": 91, "column": 41 }
			},
			"20": {
				"start": { "line": 94, "column": 10 },
				"end": { "line": 145, "column": 2 }
			},
			"21": {
				"start": { "line": 95, "column": 2 },
				"end": { "line": 144, "column": 5 }
			},
			"22": {
				"start": { "line": 102, "column": 5 },
				"end": { "line": 110, "column": 7 }
			},
			"23": {
				"start": { "line": 148, "column": 0 },
				"end": { "line": 169, "column": 2 }
			}
		},
		"fnMap": {
			"0": {
				"name": "(anonymous_0)",
				"decl": {
					"start": { "line": 13, "column": 1 },
					"end": { "line": 13, "column": 2 }
				},
				"loc": {
					"start": { "line": 13, "column": 20 },
					"end": { "line": 30, "column": 2 }
				},
				"line": 13
			},
			"1": {
				"name": "(anonymous_1)",
				"decl": {
					"start": { "line": 32, "column": 22 },
					"end": { "line": 32, "column": 23 }
				},
				"loc": {
					"start": { "line": 32, "column": 35 },
					"end": { "line": 36, "column": 2 }
				},
				"line": 32
			},
			"2": {
				"name": "(anonymous_2)",
				"decl": {
					"start": { "line": 38, "column": 24 },
					"end": { "line": 38, "column": 25 }
				},
				"loc": {
					"start": { "line": 38, "column": 30 },
					"end": { "line": 38, "column": 55 }
				},
				"line": 38
			},
			"3": {
				"name": "(anonymous_3)",
				"decl": {
					"start": { "line": 40, "column": 16 },
					"end": { "line": 40, "column": 17 }
				},
				"loc": {
					"start": { "line": 41, "column": 2 },
					"end": { "line": 41, "column": 34 }
				},
				"line": 41
			},
			"4": {
				"name": "(anonymous_4)",
				"decl": {
					"start": { "line": 43, "column": 16 },
					"end": { "line": 43, "column": 17 }
				},
				"loc": {
					"start": { "line": 43, "column": 21 },
					"end": { "line": 92, "column": 2 }
				},
				"line": 43
			},
			"5": {
				"name": "(anonymous_5)",
				"decl": {
					"start": { "line": 94, "column": 10 },
					"end": { "line": 94, "column": 11 }
				},
				"loc": {
					"start": { "line": 95, "column": 2 },
					"end": { "line": 144, "column": 5 }
				},
				"line": 95
			},
			"6": {
				"name": "(anonymous_6)",
				"decl": {
					"start": { "line": 101, "column": 16 },
					"end": { "line": 101, "column": 17 }
				},
				"loc": {
					"start": { "line": 102, "column": 5 },
					"end": { "line": 110, "column": 7 }
				},
				"line": 102
			}
		},
		"branchMap": {
			"0": {
				"loc": {
					"start": { "line": 18, "column": 10 },
					"end": { "line": 18, "column": 27 }
				},
				"type": "binary-expr",
				"locations": [
					{
						"start": { "line": 18, "column": 10 },
						"end": { "line": 18, "column": 21 }
					},
					{
						"start": { "line": 18, "column": 25 },
						"end": { "line": 18, "column": 27 }
					}
				],
				"line": 18
			},
			"1": {
				"loc": {
					"start": { "line": 19, "column": 14 },
					"end": { "line": 19, "column": 35 }
				},
				"type": "binary-expr",
				"locations": [
					{
						"start": { "line": 19, "column": 14 },
						"end": { "line": 19, "column": 29 }
					},
					{
						"start": { "line": 19, "column": 33 },
						"end": { "line": 19, "column": 35 }
					}
				],
				"line": 19
			},
			"2": {
				"loc": {
					"start": { "line": 20, "column": 13 },
					"end": { "line": 20, "column": 33 }
				},
				"type": "binary-expr",
				"locations": [
					{
						"start": { "line": 20, "column": 13 },
						"end": { "line": 20, "column": 27 }
					},
					{
						"start": { "line": 20, "column": 31 },
						"end": { "line": 20, "column": 33 }
					}
				],
				"line": 20
			},
			"3": {
				"loc": {
					"start": { "line": 21, "column": 13 },
					"end": { "line": 21, "column": 33 }
				},
				"type": "binary-expr",
				"locations": [
					{
						"start": { "line": 21, "column": 13 },
						"end": { "line": 21, "column": 27 }
					},
					{
						"start": { "line": 21, "column": 31 },
						"end": { "line": 21, "column": 33 }
					}
				],
				"line": 21
			},
			"4": {
				"loc": {
					"start": { "line": 22, "column": 19 },
					"end": { "line": 22, "column": 45 }
				},
				"type": "binary-expr",
				"locations": [
					{
						"start": { "line": 22, "column": 19 },
						"end": { "line": 22, "column": 39 }
					},
					{
						"start": { "line": 22, "column": 43 },
						"end": { "line": 22, "column": 45 }
					}
				],
				"line": 22
			},
			"5": {
				"loc": {
					"start": { "line": 23, "column": 11 },
					"end": { "line": 23, "column": 52 }
				},
				"type": "cond-expr",
				"locations": [
					{
						"start": { "line": 23, "column": 27 },
						"end": { "line": 23, "column": 47 }
					},
					{
						"start": { "line": 23, "column": 50 },
						"end": { "line": 23, "column": 52 }
					}
				],
				"line": 23
			},
			"6": {
				"loc": {
					"start": { "line": 24, "column": 10 },
					"end": { "line": 24, "column": 50 }
				},
				"type": "cond-expr",
				"locations": [
					{
						"start": { "line": 24, "column": 26 },
						"end": { "line": 24, "column": 45 }
					},
					{
						"start": { "line": 24, "column": 48 },
						"end": { "line": 24, "column": 50 }
					}
				],
				"line": 24
			},
			"7": {
				"loc": {
					"start": { "line": 25, "column": 10 },
					"end": { "line": 25, "column": 50 }
				},
				"type": "cond-expr",
				"locations": [
					{
						"start": { "line": 25, "column": 26 },
						"end": { "line": 25, "column": 45 }
					},
					{
						"start": { "line": 25, "column": 48 },
						"end": { "line": 25, "column": 50 }
					}
				],
				"line": 25
			},
			"8": {
				"loc": {
					"start": { "line": 26, "column": 9 },
					"end": { "line": 26, "column": 48 }
				},
				"type": "cond-expr",
				"locations": [
					{
						"start": { "line": 26, "column": 25 },
						"end": { "line": 26, "column": 43 }
					},
					{
						"start": { "line": 26, "column": 46 },
						"end": { "line": 26, "column": 48 }
					}
				],
				"line": 26
			},
			"9": {
				"loc": {
					"start": { "line": 27, "column": 12 },
					"end": { "line": 27, "column": 54 }
				},
				"type": "cond-expr",
				"locations": [
					{
						"start": { "line": 27, "column": 28 },
						"end": { "line": 27, "column": 49 }
					},
					{
						"start": { "line": 27, "column": 52 },
						"end": { "line": 27, "column": 54 }
					}
				],
				"line": 27
			},
			"10": {
				"loc": {
					"start": { "line": 35, "column": 2 },
					"end": { "line": 35, "column": 72 }
				},
				"type": "if",
				"locations": [
					{
						"start": { "line": 35, "column": 2 },
						"end": { "line": 35, "column": 72 }
					},
					{
						"start": { "line": 35, "column": 2 },
						"end": { "line": 35, "column": 72 }
					}
				],
				"line": 35
			},
			"11": {
				"loc": {
					"start": { "line": 61, "column": 2 },
					"end": { "line": 74, "column": 3 }
				},
				"type": "if",
				"locations": [
					{
						"start": { "line": 61, "column": 2 },
						"end": { "line": 74, "column": 3 }
					},
					{
						"start": { "line": 61, "column": 2 },
						"end": { "line": 74, "column": 3 }
					}
				],
				"line": 61
			},
			"12": {
				"loc": {
					"start": { "line": 62, "column": 3 },
					"end": { "line": 70, "column": 11 }
				},
				"type": "binary-expr",
				"locations": [
					{
						"start": { "line": 62, "column": 3 },
						"end": { "line": 62, "column": 9 }
					},
					{
						"start": { "line": 63, "column": 3 },
						"end": { "line": 63, "column": 13 }
					},
					{
						"start": { "line": 64, "column": 3 },
						"end": { "line": 64, "column": 12 }
					},
					{
						"start": { "line": 65, "column": 3 },
						"end": { "line": 65, "column": 12 }
					},
					{
						"start": { "line": 66, "column": 3 },
						"end": { "line": 66, "column": 18 }
					},
					{
						"start": { "line": 67, "column": 3 },
						"end": { "line": 67, "column": 10 }
					},
					{
						"start": { "line": 68, "column": 3 },
						"end": { "line": 68, "column": 9 }
					},
					{
						"start": { "line": 69, "column": 3 },
						"end": { "line": 69, "column": 8 }
					},
					{
						"start": { "line": 70, "column": 3 },
						"end": { "line": 70, "column": 11 }
					}
				],
				"line": 62
			},
			"13": {
				"loc": {
					"start": { "line": 72, "column": 3 },
					"end": { "line": 72, "column": 54 }
				},
				"type": "if",
				"locations": [
					{
						"start": { "line": 72, "column": 3 },
						"end": { "line": 72, "column": 54 }
					},
					{
						"start": { "line": 72, "column": 3 },
						"end": { "line": 72, "column": 54 }
					}
				],
				"line": 72
			},
			"14": {
				"loc": {
					"start": { "line": 98, "column": 22 },
					"end": { "line": 98, "column": 51 }
				},
				"type": "cond-expr",
				"locations": [
					{
						"start": { "line": 98, "column": 45 },
						"end": { "line": 98, "column": 47 }
					},
					{
						"start": { "line": 98, "column": 50 },
						"end": { "line": 98, "column": 51 }
					}
				],
				"line": 98
			},
			"15": {
				"loc": {
					"start": { "line": 105, "column": 16 },
					"end": { "line": 105, "column": 62 }
				},
				"type": "binary-expr",
				"locations": [
					{
						"start": { "line": 105, "column": 16 },
						"end": { "line": 105, "column": 36 }
					},
					{
						"start": { "line": 105, "column": 40 },
						"end": { "line": 105, "column": 62 }
					}
				],
				"line": 105
			},
			"16": {
				"loc": {
					"start": { "line": 114, "column": 15 },
					"end": { "line": 114, "column": 65 }
				},
				"type": "binary-expr",
				"locations": [
					{
						"start": { "line": 114, "column": 15 },
						"end": { "line": 114, "column": 35 }
					},
					{
						"start": { "line": 114, "column": 39 },
						"end": { "line": 114, "column": 65 }
					}
				],
				"line": 114
			},
			"17": {
				"loc": {
					"start": { "line": 122, "column": 6 },
					"end": { "line": 133, "column": 6 }
				},
				"type": "binary-expr",
				"locations": [
					{
						"start": { "line": 122, "column": 6 },
						"end": { "line": 122, "column": 26 }
					},
					{
						"start": { "line": 123, "column": 6 },
						"end": { "line": 132, "column": 18 }
					}
				],
				"line": 122
			}
		},
		"s": {
			"0": 9,
			"1": 9,
			"2": 9,
			"3": 5,
			"4": 5,
			"5": 1,
			"6": 9,
			"7": 1,
			"8": 9,
			"9": 1,
			"10": 9,
			"11": 3,
			"12": 3,
			"13": 3,
			"14": 3,
			"15": 2,
			"16": 1,
			"17": 2,
			"18": 1,
			"19": 1,
			"20": 9,
			"21": 14,
			"22": 126,
			"23": 3
		},
		"f": { "0": 9, "1": 5, "2": 1, "3": 1, "4": 3, "5": 14, "6": 126 },
		"b": {
			"0": [9, 8],
			"1": [9, 8],
			"2": [9, 8],
			"3": [9, 8],
			"4": [9, 8],
			"5": [1, 8],
			"6": [1, 8],
			"7": [1, 8],
			"8": [1, 8],
			"9": [1, 8],
			"10": [1, 4],
			"11": [2, 1],
			"12": [3, 1, 1, 1, 1, 1, 1, 1, 1],
			"13": [1, 1],
			"14": [1, 13],
			"15": [126, 9],
			"16": [14, 1],
			"17": [14, 1]
		},
		"_coverageSchema": "43e27e138ebf9cfc5966b082cf9a028302ed4184",
		"hash": "6f382fe801af822cd6939d62ed277ce8d2b23a7e"
	},
	"/home/m6d/Documents/nextjs-ssr/src/components/UserListNavigation/UserListNavigation.js": {
		"path": "/home/m6d/Documents/nextjs-ssr/src/components/UserListNavigation/UserListNavigation.js",
		"statementMap": {
			"0": {
				"start": { "line": 12, "column": 27 },
				"end": { "line": 33, "column": 1 }
			},
			"1": {
				"start": { "line": 13, "column": 1 },
				"end": { "line": 32, "column": 7 }
			},
			"2": {
				"start": { "line": 35, "column": 0 },
				"end": { "line": 39, "column": 2 }
			}
		},
		"fnMap": {
			"0": {
				"name": "(anonymous_0)",
				"decl": {
					"start": { "line": 12, "column": 27 },
					"end": { "line": 12, "column": 28 }
				},
				"loc": {
					"start": { "line": 13, "column": 1 },
					"end": { "line": 32, "column": 7 }
				},
				"line": 13
			}
		},
		"branchMap": {},
		"s": { "0": 2, "1": 1, "2": 2 },
		"f": { "0": 1 },
		"b": {},
		"_coverageSchema": "43e27e138ebf9cfc5966b082cf9a028302ed4184",
		"hash": "3db9b46e14c99d5853d57a430e846543ff6bf207"
	},
	"/home/m6d/Documents/nextjs-ssr/src/pages/_app.js": {
		"path": "/home/m6d/Documents/nextjs-ssr/src/pages/_app.js",
		"statementMap": {
			"0": {
				"start": { "line": 12, "column": 26 },
				"end": { "line": 12, "column": 37 }
			},
			"1": {
				"start": { "line": 16, "column": 2 },
				"end": { "line": 16, "column": 69 }
			},
			"2": {
				"start": { "line": 20, "column": 2 },
				"end": { "line": 26, "column": 4 }
			},
			"3": {
				"start": { "line": 30, "column": 42 },
				"end": { "line": 30, "column": 52 }
			},
			"4": {
				"start": { "line": 31, "column": 2 },
				"end": { "line": 46, "column": 4 }
			}
		},
		"fnMap": {
			"0": {
				"name": "(anonymous_0)",
				"decl": {
					"start": { "line": 15, "column": 1 },
					"end": { "line": 15, "column": 2 }
				},
				"loc": {
					"start": { "line": 15, "column": 21 },
					"end": { "line": 17, "column": 2 }
				},
				"line": 15
			},
			"1": {
				"name": "(anonymous_1)",
				"decl": {
					"start": { "line": 19, "column": 1 },
					"end": { "line": 19, "column": 2 }
				},
				"loc": {
					"start": { "line": 19, "column": 50 },
					"end": { "line": 27, "column": 2 }
				},
				"line": 19
			},
			"2": {
				"name": "(anonymous_2)",
				"decl": {
					"start": { "line": 29, "column": 1 },
					"end": { "line": 29, "column": 2 }
				},
				"loc": {
					"start": { "line": 29, "column": 10 },
					"end": { "line": 47, "column": 2 }
				},
				"line": 29
			}
		},
		"branchMap": {
			"0": {
				"loc": {
					"start": { "line": 22, "column": 8 },
					"end": { "line": 24, "column": 9 }
				},
				"type": "cond-expr",
				"locations": [
					{
						"start": { "line": 23, "column": 7 },
						"end": { "line": 23, "column": 43 }
					},
					{
						"start": { "line": 24, "column": 7 },
						"end": { "line": 24, "column": 9 }
					}
				],
				"line": 22
			}
		},
		"s": { "0": 1, "1": 4, "2": 2, "3": 4, "4": 4 },
		"f": { "0": 4, "1": 2, "2": 4 },
		"b": { "0": [1, 1] },
		"_coverageSchema": "43e27e138ebf9cfc5966b082cf9a028302ed4184",
		"hash": "a3db5570c43df82088fc8e4cfbbde72588a53996"
	},
	"/home/m6d/Documents/nextjs-ssr/src/pages/_error.js": {
		"path": "/home/m6d/Documents/nextjs-ssr/src/pages/_error.js",
		"statementMap": {
			"0": {
				"start": { "line": 8, "column": 17 },
				"end": { "line": 36, "column": 1 }
			},
			"1": {
				"start": { "line": 9, "column": 1 },
				"end": { "line": 35, "column": 14 }
			}
		},
		"fnMap": {
			"0": {
				"name": "(anonymous_0)",
				"decl": {
					"start": { "line": 8, "column": 17 },
					"end": { "line": 8, "column": 18 }
				},
				"loc": {
					"start": { "line": 9, "column": 1 },
					"end": { "line": 35, "column": 14 }
				},
				"line": 9
			}
		},
		"branchMap": {},
		"s": { "0": 1, "1": 1 },
		"f": { "0": 1 },
		"b": {},
		"_coverageSchema": "43e27e138ebf9cfc5966b082cf9a028302ed4184",
		"hash": "02c18fe60c4b9840698933c03703d9ec597a1070"
	},
	"/home/m6d/Documents/nextjs-ssr/src/pages/index.js": {
		"path": "/home/m6d/Documents/nextjs-ssr/src/pages/index.js",
		"statementMap": {
			"0": {
				"start": { "line": 10, "column": 13 },
				"end": { "line": 25, "column": 1 }
			},
			"1": {
				"start": { "line": 11, "column": 1 },
				"end": { "line": 24, "column": 17 }
			}
		},
		"fnMap": {
			"0": {
				"name": "(anonymous_0)",
				"decl": {
					"start": { "line": 10, "column": 13 },
					"end": { "line": 10, "column": 14 }
				},
				"loc": {
					"start": { "line": 11, "column": 1 },
					"end": { "line": 24, "column": 17 }
				},
				"line": 11
			}
		},
		"branchMap": {},
		"s": { "0": 1, "1": 4 },
		"f": { "0": 4 },
		"b": {},
		"_coverageSchema": "43e27e138ebf9cfc5966b082cf9a028302ed4184",
		"hash": "24a83ba78651e7d94a8360a692935ac494f31f90"
	},
	"/home/m6d/Documents/nextjs-ssr/src/pages/users.js": {
		"path": "/home/m6d/Documents/nextjs-ssr/src/pages/users.js",
		"statementMap": {
			"0": {
				"start": { "line": 21, "column": 2 },
				"end": { "line": 21, "column": 31 }
			},
			"1": {
				"start": { "line": 24, "column": 9 },
				"end": { "line": 27, "column": 2 }
			},
			"2": {
				"start": { "line": 29, "column": 19 },
				"end": { "line": 29, "column": 59 }
			},
			"3": {
				"start": { "line": 29, "column": 25 },
				"end": { "line": 29, "column": 59 }
			},
			"4": {
				"start": { "line": 31, "column": 24 },
				"end": { "line": 31, "column": 64 }
			},
			"5": {
				"start": { "line": 31, "column": 30 },
				"end": { "line": 31, "column": 64 }
			},
			"6": {
				"start": { "line": 33, "column": 19 },
				"end": { "line": 33, "column": 76 }
			},
			"7": {
				"start": { "line": 33, "column": 25 },
				"end": { "line": 33, "column": 76 }
			},
			"8": {
				"start": { "line": 35, "column": 20 },
				"end": { "line": 35, "column": 78 }
			},
			"9": {
				"start": { "line": 35, "column": 26 },
				"end": { "line": 35, "column": 78 }
			},
			"10": {
				"start": { "line": 37, "column": 10 },
				"end": { "line": 71, "column": 2 }
			},
			"11": {
				"start": { "line": 38, "column": 2 },
				"end": { "line": 70, "column": 8 }
			},
			"12": {
				"start": { "line": 74, "column": 0 },
				"end": { "line": 101, "column": 2 }
			}
		},
		"fnMap": {
			"0": {
				"name": "(anonymous_0)",
				"decl": {
					"start": { "line": 20, "column": 1 },
					"end": { "line": 20, "column": 2 }
				},
				"loc": {
					"start": { "line": 20, "column": 35 },
					"end": { "line": 22, "column": 2 }
				},
				"line": 20
			},
			"1": {
				"name": "(anonymous_1)",
				"decl": {
					"start": { "line": 29, "column": 19 },
					"end": { "line": 29, "column": 20 }
				},
				"loc": {
					"start": { "line": 29, "column": 25 },
					"end": { "line": 29, "column": 59 }
				},
				"line": 29
			},
			"2": {
				"name": "(anonymous_2)",
				"decl": {
					"start": { "line": 31, "column": 24 },
					"end": { "line": 31, "column": 25 }
				},
				"loc": {
					"start": { "line": 31, "column": 30 },
					"end": { "line": 31, "column": 64 }
				},
				"line": 31
			},
			"3": {
				"name": "(anonymous_3)",
				"decl": {
					"start": { "line": 33, "column": 19 },
					"end": { "line": 33, "column": 20 }
				},
				"loc": {
					"start": { "line": 33, "column": 25 },
					"end": { "line": 33, "column": 76 }
				},
				"line": 33
			},
			"4": {
				"name": "(anonymous_4)",
				"decl": {
					"start": { "line": 35, "column": 20 },
					"end": { "line": 35, "column": 21 }
				},
				"loc": {
					"start": { "line": 35, "column": 26 },
					"end": { "line": 35, "column": 78 }
				},
				"line": 35
			},
			"5": {
				"name": "(anonymous_5)",
				"decl": {
					"start": { "line": 37, "column": 10 },
					"end": { "line": 37, "column": 11 }
				},
				"loc": {
					"start": { "line": 38, "column": 2 },
					"end": { "line": 70, "column": 8 }
				},
				"line": 38
			}
		},
		"branchMap": {
			"0": {
				"loc": {
					"start": { "line": 48, "column": 5 },
					"end": { "line": 56, "column": 5 }
				},
				"type": "binary-expr",
				"locations": [
					{
						"start": { "line": 48, "column": 5 },
						"end": { "line": 48, "column": 25 }
					},
					{
						"start": { "line": 49, "column": 5 },
						"end": { "line": 55, "column": 13 }
					}
				],
				"line": 48
			},
			"1": {
				"loc": {
					"start": { "line": 57, "column": 5 },
					"end": { "line": 68, "column": 5 }
				},
				"type": "cond-expr",
				"locations": [
					{
						"start": { "line": 58, "column": 5 },
						"end": { "line": 58, "column": 58 }
					},
					{
						"start": { "line": 60, "column": 5 },
						"end": { "line": 67, "column": 7 }
					}
				],
				"line": 57
			}
		},
		"s": {
			"0": 1,
			"1": 5,
			"2": 5,
			"3": 1,
			"4": 5,
			"5": 1,
			"6": 5,
			"7": 1,
			"8": 5,
			"9": 1,
			"10": 5,
			"11": 10,
			"12": 1
		},
		"f": { "0": 1, "1": 1, "2": 1, "3": 1, "4": 1, "5": 10 },
		"b": { "0": [10, 1], "1": [9, 1] },
		"_coverageSchema": "43e27e138ebf9cfc5966b082cf9a028302ed4184",
		"hash": "89afe81fbd770dd7f27f66a4fb7cb1749f1887c8"
	},
	"/home/m6d/Documents/nextjs-ssr/src/reducers/index.js": {
		"path": "/home/m6d/Documents/nextjs-ssr/src/reducers/index.js",
		"statementMap": {
			"0": {
				"start": { "line": 5, "column": 17 },
				"end": { "line": 8, "column": 1 }
			}
		},
		"fnMap": {},
		"branchMap": {},
		"s": { "0": 30 },
		"f": {},
		"b": {},
		"_coverageSchema": "43e27e138ebf9cfc5966b082cf9a028302ed4184",
		"hash": "90c23a6d79ddb99e6c204f6c9e274503f1f7890e"
	},
	"/home/m6d/Documents/nextjs-ssr/src/reducers/Server/index.js": {
		"path": "/home/m6d/Documents/nextjs-ssr/src/reducers/Server/index.js",
		"statementMap": {
			"0": {
				"start": { "line": 3, "column": 28 },
				"end": { "line": 6, "column": 1 }
			},
			"1": {
				"start": { "line": 14, "column": 22 },
				"end": { "line": 25, "column": 1 }
			},
			"2": {
				"start": { "line": 15, "column": 1 },
				"end": { "line": 24, "column": 2 }
			},
			"3": {
				"start": { "line": 17, "column": 3 },
				"end": { "line": 17, "column": 23 }
			},
			"4": {
				"start": { "line": 19, "column": 3 },
				"end": { "line": 19, "column": 39 }
			},
			"5": {
				"start": { "line": 21, "column": 3 },
				"end": { "line": 21, "column": 41 }
			},
			"6": {
				"start": { "line": 23, "column": 3 },
				"end": { "line": 23, "column": 16 }
			}
		},
		"fnMap": {
			"0": {
				"name": "(anonymous_0)",
				"decl": {
					"start": { "line": 14, "column": 22 },
					"end": { "line": 14, "column": 23 }
				},
				"loc": {
					"start": { "line": 14, "column": 67 },
					"end": { "line": 25, "column": 1 }
				},
				"line": 14
			}
		},
		"branchMap": {
			"0": {
				"loc": {
					"start": { "line": 14, "column": 23 },
					"end": { "line": 14, "column": 43 }
				},
				"type": "default-arg",
				"locations": [
					{
						"start": { "line": 14, "column": 31 },
						"end": { "line": 14, "column": 43 }
					}
				],
				"line": 14
			},
			"1": {
				"loc": {
					"start": { "line": 15, "column": 1 },
					"end": { "line": 24, "column": 2 }
				},
				"type": "switch",
				"locations": [
					{
						"start": { "line": 16, "column": 2 },
						"end": { "line": 17, "column": 23 }
					},
					{
						"start": { "line": 18, "column": 2 },
						"end": { "line": 19, "column": 39 }
					},
					{
						"start": { "line": 20, "column": 2 },
						"end": { "line": 21, "column": 41 }
					},
					{
						"start": { "line": 22, "column": 2 },
						"end": { "line": 23, "column": 16 }
					}
				],
				"line": 15
			}
		},
		"s": { "0": 30, "1": 30, "2": 76, "3": 1, "4": 6, "5": 2, "6": 67 },
		"f": { "0": 76 },
		"b": { "0": [70], "1": [1, 6, 2, 67] },
		"_coverageSchema": "43e27e138ebf9cfc5966b082cf9a028302ed4184",
		"hash": "e80aa89aa2661de0a250ab4c02d8b7bcdd0789c2"
	},
	"/home/m6d/Documents/nextjs-ssr/src/reducers/Users/index.js": {
		"path": "/home/m6d/Documents/nextjs-ssr/src/reducers/Users/index.js",
		"statementMap": {
			"0": {
				"start": { "line": 3, "column": 28 },
				"end": { "line": 6, "column": 1 }
			},
			"1": {
				"start": { "line": 14, "column": 20 },
				"end": { "line": 30, "column": 1 }
			},
			"2": {
				"start": { "line": 15, "column": 1 },
				"end": { "line": 29, "column": 2 }
			},
			"3": {
				"start": { "line": 17, "column": 3 },
				"end": { "line": 17, "column": 23 }
			},
			"4": {
				"start": { "line": 20, "column": 3 },
				"end": { "line": 24, "column": 5 }
			},
			"5": {
				"start": { "line": 27, "column": 3 },
				"end": { "line": 27, "column": 16 }
			}
		},
		"fnMap": {
			"0": {
				"name": "(anonymous_0)",
				"decl": {
					"start": { "line": 14, "column": 20 },
					"end": { "line": 14, "column": 21 }
				},
				"loc": {
					"start": { "line": 14, "column": 65 },
					"end": { "line": 30, "column": 1 }
				},
				"line": 14
			}
		},
		"branchMap": {
			"0": {
				"loc": {
					"start": { "line": 14, "column": 21 },
					"end": { "line": 14, "column": 41 }
				},
				"type": "default-arg",
				"locations": [
					{
						"start": { "line": 14, "column": 29 },
						"end": { "line": 14, "column": 41 }
					}
				],
				"line": 14
			},
			"1": {
				"loc": {
					"start": { "line": 15, "column": 1 },
					"end": { "line": 29, "column": 2 }
				},
				"type": "switch",
				"locations": [
					{
						"start": { "line": 16, "column": 2 },
						"end": { "line": 18, "column": 3 }
					},
					{
						"start": { "line": 19, "column": 2 },
						"end": { "line": 25, "column": 3 }
					},
					{
						"start": { "line": 26, "column": 2 },
						"end": { "line": 28, "column": 3 }
					}
				],
				"line": 15
			}
		},
		"s": { "0": 30, "1": 30, "2": 78, "3": 1, "4": 7, "5": 70 },
		"f": { "0": 78 },
		"b": { "0": [69], "1": [1, 7, 70] },
		"_coverageSchema": "43e27e138ebf9cfc5966b082cf9a028302ed4184",
		"hash": "076b29f5eca7eac2725bcf040d80b6e391428967"
	},
	"/home/m6d/Documents/nextjs-ssr/src/sagas/index.js": {
		"path": "/home/m6d/Documents/nextjs-ssr/src/sagas/index.js",
		"statementMap": {
			"0": {
				"start": { "line": 5, "column": 1 },
				"end": { "line": 5, "column": 26 }
			}
		},
		"fnMap": {
			"0": {
				"name": "rootSaga",
				"decl": {
					"start": { "line": 4, "column": 25 },
					"end": { "line": 4, "column": 33 }
				},
				"loc": {
					"start": { "line": 4, "column": 36 },
					"end": { "line": 6, "column": 1 }
				},
				"line": 4
			}
		},
		"branchMap": {},
		"s": { "0": 1 },
		"f": { "0": 1 },
		"b": {},
		"_coverageSchema": "43e27e138ebf9cfc5966b082cf9a028302ed4184",
		"hash": "e1a7559518302a26f2a2c38ff6d5c37fcd1e52a4"
	},
	"/home/m6d/Documents/nextjs-ssr/src/sagas/Users/index.js": {
		"path": "/home/m6d/Documents/nextjs-ssr/src/sagas/Users/index.js",
		"statementMap": {
			"0": {
				"start": { "line": 20, "column": 1 },
				"end": { "line": 28, "column": 2 }
			},
			"1": {
				"start": { "line": 21, "column": 14 },
				"end": { "line": 21, "column": 42 }
			},
			"2": {
				"start": { "line": 22, "column": 15 },
				"end": { "line": 22, "column": 41 }
			},
			"3": {
				"start": { "line": 24, "column": 2 },
				"end": { "line": 24, "column": 28 }
			},
			"4": {
				"start": { "line": 26, "column": 2 },
				"end": { "line": 26, "column": 36 }
			},
			"5": {
				"start": { "line": 27, "column": 2 },
				"end": { "line": 27, "column": 62 }
			},
			"6": {
				"start": { "line": 45, "column": 1 },
				"end": { "line": 57, "column": 2 }
			},
			"7": {
				"start": { "line": 46, "column": 14 },
				"end": { "line": 46, "column": 57 }
			},
			"8": {
				"start": { "line": 47, "column": 18 },
				"end": { "line": 47, "column": 47 }
			},
			"9": {
				"start": { "line": 49, "column": 2 },
				"end": { "line": 49, "column": 50 }
			},
			"10": {
				"start": { "line": 51, "column": 2 },
				"end": { "line": 51, "column": 33 }
			},
			"11": {
				"start": { "line": 53, "column": 2 },
				"end": { "line": 53, "column": 25 }
			},
			"12": {
				"start": { "line": 55, "column": 2 },
				"end": { "line": 55, "column": 36 }
			},
			"13": {
				"start": { "line": 56, "column": 2 },
				"end": { "line": 56, "column": 62 }
			},
			"14": {
				"start": { "line": 74, "column": 1 },
				"end": { "line": 86, "column": 2 }
			},
			"15": {
				"start": { "line": 75, "column": 14 },
				"end": { "line": 75, "column": 58 }
			},
			"16": {
				"start": { "line": 76, "column": 18 },
				"end": { "line": 76, "column": 47 }
			},
			"17": {
				"start": { "line": 78, "column": 2 },
				"end": { "line": 78, "column": 50 }
			},
			"18": {
				"start": { "line": 80, "column": 2 },
				"end": { "line": 80, "column": 33 }
			},
			"19": {
				"start": { "line": 82, "column": 2 },
				"end": { "line": 82, "column": 25 }
			},
			"20": {
				"start": { "line": 84, "column": 2 },
				"end": { "line": 84, "column": 36 }
			},
			"21": {
				"start": { "line": 85, "column": 2 },
				"end": { "line": 85, "column": 62 }
			},
			"22": {
				"start": { "line": 100, "column": 1 },
				"end": { "line": 108, "column": 2 }
			},
			"23": {
				"start": { "line": 101, "column": 14 },
				"end": { "line": 101, "column": 48 }
			},
			"24": {
				"start": { "line": 102, "column": 15 },
				"end": { "line": 102, "column": 41 }
			},
			"25": {
				"start": { "line": 104, "column": 2 },
				"end": { "line": 104, "column": 28 }
			},
			"26": {
				"start": { "line": 106, "column": 2 },
				"end": { "line": 106, "column": 36 }
			},
			"27": {
				"start": { "line": 107, "column": 2 },
				"end": { "line": 107, "column": 62 }
			},
			"28": {
				"start": { "line": 125, "column": 1 },
				"end": { "line": 137, "column": 2 }
			},
			"29": {
				"start": { "line": 126, "column": 14 },
				"end": { "line": 126, "column": 69 }
			},
			"30": {
				"start": { "line": 127, "column": 18 },
				"end": { "line": 127, "column": 47 }
			},
			"31": {
				"start": { "line": 129, "column": 2 },
				"end": { "line": 129, "column": 47 }
			},
			"32": {
				"start": { "line": 131, "column": 2 },
				"end": { "line": 131, "column": 33 }
			},
			"33": {
				"start": { "line": 133, "column": 2 },
				"end": { "line": 133, "column": 25 }
			},
			"34": {
				"start": { "line": 135, "column": 2 },
				"end": { "line": 135, "column": 36 }
			},
			"35": {
				"start": { "line": 136, "column": 2 },
				"end": { "line": 136, "column": 62 }
			},
			"36": {
				"start": { "line": 148, "column": 1 },
				"end": { "line": 154, "column": 4 }
			}
		},
		"fnMap": {
			"0": {
				"name": "fetchUsers",
				"decl": {
					"start": { "line": 19, "column": 17 },
					"end": { "line": 19, "column": 27 }
				},
				"loc": {
					"start": { "line": 19, "column": 30 },
					"end": { "line": 29, "column": 1 }
				},
				"line": 19
			},
			"1": {
				"name": "createUser",
				"decl": {
					"start": { "line": 44, "column": 17 },
					"end": { "line": 44, "column": 27 }
				},
				"loc": {
					"start": { "line": 44, "column": 39 },
					"end": { "line": 58, "column": 1 }
				},
				"line": 44
			},
			"2": {
				"name": "deleteUser",
				"decl": {
					"start": { "line": 73, "column": 17 },
					"end": { "line": 73, "column": 27 }
				},
				"loc": {
					"start": { "line": 73, "column": 36 },
					"end": { "line": 87, "column": 1 }
				},
				"line": 73
			},
			"3": {
				"name": "seedDB",
				"decl": {
					"start": { "line": 99, "column": 17 },
					"end": { "line": 99, "column": 23 }
				},
				"loc": {
					"start": { "line": 99, "column": 26 },
					"end": { "line": 109, "column": 1 }
				},
				"line": 99
			},
			"4": {
				"name": "updateUser",
				"decl": {
					"start": { "line": 124, "column": 17 },
					"end": { "line": 124, "column": 27 }
				},
				"loc": {
					"start": { "line": 124, "column": 43 },
					"end": { "line": 138, "column": 1 }
				},
				"line": 124
			},
			"5": {
				"name": "authSagas",
				"decl": {
					"start": { "line": 147, "column": 25 },
					"end": { "line": 147, "column": 34 }
				},
				"loc": {
					"start": { "line": 147, "column": 37 },
					"end": { "line": 155, "column": 1 }
				},
				"line": 147
			}
		},
		"branchMap": {},
		"s": {
			"0": 6,
			"1": 6,
			"2": 5,
			"3": 5,
			"4": 1,
			"5": 1,
			"6": 3,
			"7": 3,
			"8": 2,
			"9": 2,
			"10": 2,
			"11": 2,
			"12": 1,
			"13": 1,
			"14": 3,
			"15": 3,
			"16": 2,
			"17": 2,
			"18": 2,
			"19": 2,
			"20": 1,
			"21": 1,
			"22": 3,
			"23": 3,
			"24": 2,
			"25": 2,
			"26": 1,
			"27": 1,
			"28": 3,
			"29": 3,
			"30": 2,
			"31": 2,
			"32": 2,
			"33": 2,
			"34": 1,
			"35": 1,
			"36": 1
		},
		"f": { "0": 6, "1": 3, "2": 3, "3": 3, "4": 3, "5": 1 },
		"b": {},
		"_coverageSchema": "43e27e138ebf9cfc5966b082cf9a028302ed4184",
		"hash": "9bb96f6776d97cfc3a3631f09e0bb09f2cbe30e6"
	},
	"/home/m6d/Documents/nextjs-ssr/src/store/index.js": {
		"path": "/home/m6d/Documents/nextjs-ssr/src/store/index.js",
		"statementMap": {
			"0": {
				"start": { "line": 8, "column": 14 },
				"end": { "line": 8, "column": 36 }
			},
			"1": {
				"start": { "line": 10, "column": 15 },
				"end": { "line": 14, "column": 2 }
			},
			"2": {
				"start": { "line": 21, "column": 1 },
				"end": { "line": 21, "column": 14 }
			}
		},
		"fnMap": {
			"0": {
				"name": "(anonymous_0)",
				"decl": {
					"start": { "line": 7, "column": 15 },
					"end": { "line": 7, "column": 16 }
				},
				"loc": {
					"start": { "line": 7, "column": 59 },
					"end": { "line": 22, "column": 1 }
				},
				"line": 7
			}
		},
		"branchMap": {
			"0": {
				"loc": {
					"start": { "line": 7, "column": 42 },
					"end": { "line": 7, "column": 52 }
				},
				"type": "default-arg",
				"locations": [
					{
						"start": { "line": 7, "column": 48 },
						"end": { "line": 7, "column": 52 }
					}
				],
				"line": 7
			}
		},
		"s": { "0": 1, "1": 1, "2": 1 },
		"f": { "0": 1 },
		"b": { "0": [1] },
		"_coverageSchema": "43e27e138ebf9cfc5966b082cf9a028302ed4184",
		"hash": "87c9e5a1f71db43879e5dc8b0fcfca8ee5b91c44"
	},
	"/home/m6d/Documents/nextjs-ssr/src/types/index.js": {
		"path": "/home/m6d/Documents/nextjs-ssr/src/types/index.js",
		"statementMap": {
			"0": {
				"start": { "line": 1, "column": 37 },
				"end": { "line": 1, "column": 60 }
			},
			"1": {
				"start": { "line": 2, "column": 28 },
				"end": { "line": 2, "column": 42 }
			},
			"2": {
				"start": { "line": 3, "column": 30 },
				"end": { "line": 3, "column": 46 }
			},
			"3": {
				"start": { "line": 5, "column": 28 },
				"end": { "line": 5, "column": 42 }
			},
			"4": {
				"start": { "line": 6, "column": 28 },
				"end": { "line": 6, "column": 42 }
			},
			"5": {
				"start": { "line": 7, "column": 27 },
				"end": { "line": 7, "column": 40 }
			},
			"6": {
				"start": { "line": 8, "column": 26 },
				"end": { "line": 8, "column": 38 }
			},
			"7": {
				"start": { "line": 9, "column": 30 },
				"end": { "line": 9, "column": 46 }
			},
			"8": {
				"start": { "line": 10, "column": 28 },
				"end": { "line": 10, "column": 42 }
			}
		},
		"fnMap": {},
		"branchMap": {},
		"s": {
			"0": 30,
			"1": 30,
			"2": 30,
			"3": 30,
			"4": 30,
			"5": 30,
			"6": 30,
			"7": 30,
			"8": 30
		},
		"f": {},
		"b": {},
		"_coverageSchema": "43e27e138ebf9cfc5966b082cf9a028302ed4184",
		"hash": "08e4e2a826d3afc29437a5462b4ad6c47a05a4ca"
	},
	"/home/m6d/Documents/nextjs-ssr/src/utils/parseResponse/index.js": {
		"path": "/home/m6d/Documents/nextjs-ssr/src/utils/parseResponse/index.js",
		"statementMap": {
			"0": {
				"start": { "line": 11, "column": 1 },
				"end": { "line": 11, "column": 38 }
			},
			"1": {
				"start": { "line": 22, "column": 1 },
				"end": { "line": 22, "column": 27 }
			}
		},
		"fnMap": {
			"0": {
				"name": "parseMessage",
				"decl": {
					"start": { "line": 10, "column": 16 },
					"end": { "line": 10, "column": 28 }
				},
				"loc": {
					"start": { "line": 10, "column": 34 },
					"end": { "line": 12, "column": 1 }
				},
				"line": 10
			},
			"1": {
				"name": "parseData",
				"decl": {
					"start": { "line": 21, "column": 16 },
					"end": { "line": 21, "column": 25 }
				},
				"loc": {
					"start": { "line": 21, "column": 31 },
					"end": { "line": 23, "column": 1 }
				},
				"line": 21
			}
		},
		"branchMap": {},
		"s": { "0": 4, "1": 6 },
		"f": { "0": 4, "1": 6 },
		"b": {},
		"_coverageSchema": "43e27e138ebf9cfc5966b082cf9a028302ed4184",
		"hash": "333d34faa5b05a60ded31cccd73588b9488cb2e5"
	}
}
