TN:
SF:/home/m6d/Documents/nextjs-ssr/src/actions/Server/index.js
FN:7,(anonymous_0)
FN:13,(anonymous_1)
FN:22,(anonymous_2)
FNF:3
FNH:3
FNDA:1,(anonymous_0)
FNDA:10,(anonymous_1)
FNDA:6,(anonymous_2)
DA:7,30
DA:13,30
DA:22,30
LF:3
LH:3
BRF:0
BRH:0
end_of_record
TN:
SF:/home/m6d/Documents/nextjs-ssr/src/actions/Users/index.js
FN:9,(anonymous_0)
FN:19,(anonymous_1)
FN:28,(anonymous_2)
FN:36,(anonymous_3)
FN:45,(anonymous_4)
FN:55,(anonymous_5)
FNF:6
FNH:6
FNDA:1,(anonymous_0)
FNDA:1,(anonymous_1)
FNDA:2,(anonymous_2)
FNDA:1,(anonymous_3)
FNDA:11,(anonymous_4)
FNDA:1,(anonymous_5)
DA:9,30
DA:19,30
DA:28,30
DA:36,30
DA:45,30
DA:55,30
LF:6
LH:6
BRDA:47,0,0,10
BRDA:47,0,1,1
BRF:2
BRH:2
end_of_record
TN:
SF:/home/m6d/Documents/nextjs-ssr/src/components/Button/Button.js
FN:5,(anonymous_0)
FNF:1
FNH:1
FNDA:23,(anonymous_0)
DA:5,5
DA:6,23
DA:17,5
LF:3
LH:3
BRF:0
BRH:0
end_of_record
TN:
SF:/home/m6d/Documents/nextjs-ssr/src/components/Button/index.js
FN:6,(anonymous_0)
FN:13,(anonymous_1)
FN:31,(anonymous_2)
FN:36,(anonymous_3)
FNF:4
FNH:4
FNDA:23,(anonymous_0)
FNDA:23,(anonymous_1)
FNDA:23,(anonymous_2)
FNDA:23,(anonymous_3)
DA:7,23
DA:8,7
DA:9,5
DA:14,23
DA:15,7
DA:16,5
DA:32,23
DA:33,7
DA:34,5
DA:37,23
DA:38,7
DA:39,5
LF:12
LH:12
BRDA:7,0,0,16
BRDA:7,0,1,7
BRDA:8,1,0,2
BRDA:8,1,1,5
BRDA:14,2,0,16
BRDA:14,2,1,7
BRDA:15,3,0,2
BRDA:15,3,1,5
BRDA:32,4,0,16
BRDA:32,4,1,7
BRDA:33,5,0,2
BRDA:33,5,1,5
BRDA:37,6,0,16
BRDA:37,6,1,7
BRDA:38,7,0,2
BRDA:38,7,1,5
BRF:16
BRH:16
end_of_record
TN:
SF:/home/m6d/Documents/nextjs-ssr/src/components/Card/Card.js
FN:10,(anonymous_0)
FN:30,(anonymous_1)
FN:31,(anonymous_2)
FNF:3
FNH:3
FNDA:3,(anonymous_0)
FNDA:1,(anonymous_1)
FNDA:1,(anonymous_2)
DA:10,3
DA:22,3
DA:30,1
DA:31,1
DA:59,3
LF:5
LH:5
BRDA:41,0,0,3
BRDA:41,0,1,3
BRF:2
BRH:2
end_of_record
TN:
SF:/home/m6d/Documents/nextjs-ssr/src/components/Card/Divider/index.js
FN:3,(anonymous_0)
FNF:1
FNH:1
FNDA:13,(anonymous_0)
DA:4,13
LF:1
LH:1
BRF:0
BRH:0
end_of_record
TN:
SF:/home/m6d/Documents/nextjs-ssr/src/components/Container/index.js
FN:4,(anonymous_0)
FNF:1
FNH:1
FNDA:2,(anonymous_0)
DA:4,4
DA:5,2
DA:18,4
LF:3
LH:3
BRF:0
BRH:0
end_of_record
TN:
SF:/home/m6d/Documents/nextjs-ssr/src/components/CreateIcon/index.js
FN:4,(anonymous_0)
FNF:1
FNH:1
FNDA:2,(anonymous_0)
DA:4,3
DA:5,2
LF:2
LH:2
BRF:0
BRH:0
end_of_record
TN:
SF:/home/m6d/Documents/nextjs-ssr/src/components/DeleteButton/DeleteButton.js
FN:5,(anonymous_0)
FNF:1
FNH:1
FNDA:4,(anonymous_0)
DA:5,4
DA:6,4
DA:17,4
LF:3
LH:3
BRF:0
BRH:0
end_of_record
TN:
SF:/home/m6d/Documents/nextjs-ssr/src/components/DisplayUserList/index.js
FN:9,(anonymous_0)
FN:23,(anonymous_1)
FNF:2
FNH:2
FNDA:5,(anonymous_0)
FNDA:2,(anonymous_1)
DA:9,2
DA:21,5
DA:24,2
DA:53,2
LF:4
LH:4
BRDA:22,0,0,2
BRDA:22,0,1,3
BRDA:25,1,0,1
BRDA:25,1,1,1
BRF:4
BRH:4
end_of_record
TN:
SF:/home/m6d/Documents/nextjs-ssr/src/components/EditButton/EditButton.js
FN:5,(anonymous_0)
FNF:1
FNH:1
FNDA:4,(anonymous_0)
DA:5,4
DA:6,4
DA:17,4
LF:3
LH:3
BRF:0
BRH:0
end_of_record
TN:
SF:/home/m6d/Documents/nextjs-ssr/src/components/ExampleIcon/index.js
FN:3,(anonymous_0)
FNF:1
FNH:1
FNDA:5,(anonymous_0)
DA:3,2
DA:4,5
LF:2
LH:2
BRF:0
BRH:0
end_of_record
TN:
SF:/home/m6d/Documents/nextjs-ssr/src/components/FieldError/index.js
FN:4,(anonymous_0)
FNF:1
FNH:1
FNDA:148,(anonymous_0)
DA:4,6
DA:5,148
DA:13,6
LF:3
LH:3
BRDA:5,0,0,12
BRDA:5,0,1,136
BRDA:5,1,0,148
BRDA:5,1,1,134
BRF:4
BRH:4
end_of_record
TN:
SF:/home/m6d/Documents/nextjs-ssr/src/components/FormError/index.js
FN:4,(anonymous_0)
FNF:1
FNH:1
FNDA:16,(anonymous_0)
DA:4,4
DA:5,16
DA:16,4
LF:3
LH:3
BRDA:5,0,0,2
BRDA:5,0,1,14
BRF:2
BRH:2
end_of_record
TN:
SF:/home/m6d/Documents/nextjs-ssr/src/components/HomeIcon/index.js
FN:4,(anonymous_0)
FNF:1
FNH:1
FNDA:2,(anonymous_0)
DA:4,4
DA:5,2
LF:2
LH:2
BRF:0
BRH:0
end_of_record
TN:
SF:/home/m6d/Documents/nextjs-ssr/src/components/Input/Input.js
FN:5,(anonymous_0)
FNF:1
FNH:1
FNDA:129,(anonymous_0)
DA:5,4
DA:15,129
DA:39,4
LF:3
LH:3
BRDA:27,0,0,9
BRDA:27,0,1,120
BRDA:27,1,0,129
BRDA:27,1,1,10
BRF:4
BRH:4
end_of_record
TN:
SF:/home/m6d/Documents/nextjs-ssr/src/components/Modal/index.js
FN:19,(anonymous_0)
FN:28,(anonymous_1)
FNF:2
FNH:2
FNDA:1,(anonymous_0)
FNDA:2,(anonymous_1)
DA:20,1
DA:28,1
DA:29,2
DA:67,2
LF:4
LH:4
BRDA:50,0,0,2
BRDA:50,0,1,1
BRF:2
BRH:2
end_of_record
TN:
SF:/home/m6d/Documents/nextjs-ssr/src/components/Modal/ClickHandler/index.js
FN:5,(anonymous_0)
FN:9,(anonymous_1)
FN:13,(anonymous_2)
FN:21,(anonymous_3)
FN:22,(anonymous_4)
FNF:5
FNH:5
FNDA:5,(anonymous_0)
FNDA:1,(anonymous_1)
FNDA:2,(anonymous_2)
FNDA:6,(anonymous_3)
FNDA:8,(anonymous_4)
DA:6,5
DA:10,1
DA:13,5
DA:14,2
DA:16,2
DA:17,1
DA:21,5
DA:22,8
DA:28,3
LF:9
LH:9
BRDA:16,0,0,1
BRDA:16,0,1,1
BRDA:16,1,0,2
BRDA:16,1,1,2
BRDA:16,1,2,1
BRF:5
BRH:5
end_of_record
TN:
SF:/home/m6d/Documents/nextjs-ssr/src/components/Modal/ModalContent/index.js
FN:4,(anonymous_0)
FNF:1
FNH:1
FNDA:2,(anonymous_0)
DA:4,2
LF:1
LH:1
BRDA:4,0,0,2
BRDA:4,0,1,2
BRF:2
BRH:2
end_of_record
TN:
SF:/home/m6d/Documents/nextjs-ssr/src/components/NoData/index.js
FN:6,(anonymous_0)
FNF:1
FNH:1
FNDA:1,(anonymous_0)
DA:6,3
DA:7,1
LF:2
LH:2
BRF:0
BRH:0
end_of_record
TN:
SF:/home/m6d/Documents/nextjs-ssr/src/components/SeedIcon/index.js
FN:4,(anonymous_0)
FNF:1
FNH:1
FNDA:2,(anonymous_0)
DA:4,3
DA:5,2
LF:2
LH:2
BRF:0
BRH:0
end_of_record
TN:
SF:/home/m6d/Documents/nextjs-ssr/src/components/StyledLink/index.js
FN:6,(anonymous_0)
FNF:1
FNH:1
FNDA:5,(anonymous_0)
DA:6,5
DA:7,5
DA:15,4
LF:3
LH:3
BRF:0
BRH:0
end_of_record
TN:
SF:/home/m6d/Documents/nextjs-ssr/src/components/SubTitle/index.js
FN:5,(anonymous_0)
FNF:1
FNH:1
FNDA:4,(anonymous_0)
DA:5,4
DA:7,1
LF:2
LH:2
BRF:0
BRH:0
end_of_record
TN:
SF:/home/m6d/Documents/nextjs-ssr/src/components/TextArea/index.js
FN:5,(anonymous_0)
FNF:1
FNH:1
FNDA:17,(anonymous_0)
DA:5,4
DA:14,17
DA:44,4
LF:3
LH:3
BRDA:32,0,0,2
BRDA:32,0,1,15
BRDA:32,1,0,17
BRDA:32,1,1,2
BRF:4
BRH:4
end_of_record
TN:
SF:/home/m6d/Documents/nextjs-ssr/src/components/Toast/index.js
FN:16,(anonymous_0)
FN:31,(anonymous_1)
FNF:2
FNH:2
FNDA:13,(anonymous_0)
FNDA:8,(anonymous_1)
DA:12,30
DA:16,30
DA:17,13
DA:19,3
DA:21,2
DA:23,6
DA:25,1
DA:27,1
DA:31,30
DA:32,8
DA:41,30
LF:11
LH:11
BRDA:17,0,0,3
BRDA:17,0,1,2
BRDA:17,0,2,6
BRDA:17,0,3,1
BRDA:17,0,4,1
BRF:5
BRH:5
end_of_record
TN:
SF:/home/m6d/Documents/nextjs-ssr/src/components/UserForm/index.js
FN:13,(anonymous_0)
FN:32,(anonymous_1)
FN:38,(anonymous_2)
FN:40,(anonymous_3)
FN:43,(anonymous_4)
FN:94,(anonymous_5)
FN:101,(anonymous_6)
FNF:7
FNH:7
FNDA:9,(anonymous_0)
FNDA:5,(anonymous_1)
FNDA:1,(anonymous_2)
FNDA:1,(anonymous_3)
FNDA:3,(anonymous_4)
FNDA:14,(anonymous_5)
FNDA:126,(anonymous_6)
DA:14,9
DA:16,9
DA:32,9
DA:33,5
DA:35,5
DA:38,9
DA:40,9
DA:41,1
DA:43,9
DA:44,3
DA:57,3
DA:59,3
DA:61,3
DA:72,2
DA:73,2
DA:76,1
DA:91,1
DA:94,9
DA:95,14
DA:102,126
DA:148,3
LF:21
LH:21
BRDA:18,0,0,9
BRDA:18,0,1,8
BRDA:19,1,0,9
BRDA:19,1,1,8
BRDA:20,2,0,9
BRDA:20,2,1,8
BRDA:21,3,0,9
BRDA:21,3,1,8
BRDA:22,4,0,9
BRDA:22,4,1,8
BRDA:23,5,0,1
BRDA:23,5,1,8
BRDA:24,6,0,1
BRDA:24,6,1,8
BRDA:25,7,0,1
BRDA:25,7,1,8
BRDA:26,8,0,1
BRDA:26,8,1,8
BRDA:27,9,0,1
BRDA:27,9,1,8
BRDA:35,10,0,1
BRDA:35,10,1,4
BRDA:61,11,0,2
BRDA:61,11,1,1
BRDA:62,12,0,3
BRDA:62,12,1,1
BRDA:62,12,2,1
BRDA:62,12,3,1
BRDA:62,12,4,1
BRDA:62,12,5,1
BRDA:62,12,6,1
BRDA:62,12,7,1
BRDA:62,12,8,1
BRDA:72,13,0,1
BRDA:72,13,1,1
BRDA:98,14,0,1
BRDA:98,14,1,13
BRDA:105,15,0,126
BRDA:105,15,1,9
BRDA:114,16,0,14
BRDA:114,16,1,1
BRDA:122,17,0,14
BRDA:122,17,1,1
BRF:43
BRH:43
end_of_record
TN:
SF:/home/m6d/Documents/nextjs-ssr/src/components/UserListNavigation/UserListNavigation.js
FN:12,(anonymous_0)
FNF:1
FNH:1
FNDA:1,(anonymous_0)
DA:12,2
DA:13,1
DA:35,2
LF:3
LH:3
BRF:0
BRH:0
end_of_record
TN:
SF:/home/m6d/Documents/nextjs-ssr/src/pages/_app.js
FN:15,(anonymous_0)
FN:19,(anonymous_1)
FN:29,(anonymous_2)
FNF:3
FNH:3
FNDA:4,(anonymous_0)
FNDA:2,(anonymous_1)
FNDA:4,(anonymous_2)
DA:12,1
DA:16,4
DA:20,2
DA:30,4
DA:31,4
LF:5
LH:5
BRDA:22,0,0,1
BRDA:22,0,1,1
BRF:2
BRH:2
end_of_record
TN:
SF:/home/m6d/Documents/nextjs-ssr/src/pages/_error.js
FN:8,(anonymous_0)
FNF:1
FNH:1
FNDA:1,(anonymous_0)
DA:8,1
DA:9,1
LF:2
LH:2
BRF:0
BRH:0
end_of_record
TN:
SF:/home/m6d/Documents/nextjs-ssr/src/pages/index.js
FN:10,(anonymous_0)
FNF:1
FNH:1
FNDA:4,(anonymous_0)
DA:10,1
DA:11,4
LF:2
LH:2
BRF:0
BRH:0
end_of_record
TN:
SF:/home/m6d/Documents/nextjs-ssr/src/pages/users.js
FN:20,(anonymous_0)
FN:29,(anonymous_1)
FN:31,(anonymous_2)
FN:33,(anonymous_3)
FN:35,(anonymous_4)
FN:37,(anonymous_5)
FNF:6
FNH:6
FNDA:1,(anonymous_0)
FNDA:1,(anonymous_1)
FNDA:1,(anonymous_2)
FNDA:1,(anonymous_3)
FNDA:1,(anonymous_4)
FNDA:10,(anonymous_5)
DA:21,1
DA:24,5
DA:29,5
DA:31,5
DA:33,5
DA:35,5
DA:37,5
DA:38,10
DA:74,1
LF:9
LH:9
BRDA:48,0,0,10
BRDA:48,0,1,1
BRDA:57,1,0,9
BRDA:57,1,1,1
BRF:4
BRH:4
end_of_record
TN:
SF:/home/m6d/Documents/nextjs-ssr/src/reducers/index.js
FNF:0
FNH:0
DA:5,30
LF:1
LH:1
BRF:0
BRH:0
end_of_record
TN:
SF:/home/m6d/Documents/nextjs-ssr/src/reducers/Server/index.js
FN:14,(anonymous_0)
FNF:1
FNH:1
FNDA:76,(anonymous_0)
DA:3,30
DA:14,30
DA:15,76
DA:17,1
DA:19,6
DA:21,2
DA:23,67
LF:7
LH:7
BRDA:14,0,0,70
BRDA:15,1,0,1
BRDA:15,1,1,6
BRDA:15,1,2,2
BRDA:15,1,3,67
BRF:5
BRH:5
end_of_record
TN:
SF:/home/m6d/Documents/nextjs-ssr/src/reducers/Users/index.js
FN:14,(anonymous_0)
FNF:1
FNH:1
FNDA:78,(anonymous_0)
DA:3,30
DA:14,30
DA:15,78
DA:17,1
DA:20,7
DA:27,70
LF:6
LH:6
BRDA:14,0,0,69
BRDA:15,1,0,1
BRDA:15,1,1,7
BRDA:15,1,2,70
BRF:4
BRH:4
end_of_record
TN:
SF:/home/m6d/Documents/nextjs-ssr/src/sagas/index.js
FN:4,rootSaga
FNF:1
FNH:1
FNDA:1,rootSaga
DA:5,1
LF:1
LH:1
BRF:0
BRH:0
end_of_record
TN:
SF:/home/m6d/Documents/nextjs-ssr/src/sagas/Users/index.js
FN:19,fetchUsers
FN:44,createUser
FN:73,deleteUser
FN:99,seedDB
FN:124,updateUser
FN:147,authSagas
FNF:6
FNH:6
FNDA:6,fetchUsers
FNDA:3,createUser
FNDA:3,deleteUser
FNDA:3,seedDB
FNDA:3,updateUser
FNDA:1,authSagas
DA:20,6
DA:21,6
DA:22,5
DA:24,5
DA:26,1
DA:27,1
DA:45,3
DA:46,3
DA:47,2
DA:49,2
DA:51,2
DA:53,2
DA:55,1
DA:56,1
DA:74,3
DA:75,3
DA:76,2
DA:78,2
DA:80,2
DA:82,2
DA:84,1
DA:85,1
DA:100,3
DA:101,3
DA:102,2
DA:104,2
DA:106,1
DA:107,1
DA:125,3
DA:126,3
DA:127,2
DA:129,2
DA:131,2
DA:133,2
DA:135,1
DA:136,1
DA:148,1
LF:37
LH:37
BRF:0
BRH:0
end_of_record
TN:
SF:/home/m6d/Documents/nextjs-ssr/src/store/index.js
FN:7,(anonymous_0)
FNF:1
FNH:1
FNDA:1,(anonymous_0)
DA:8,1
DA:10,1
DA:21,1
LF:3
LH:3
BRDA:7,0,0,1
BRF:1
BRH:1
end_of_record
TN:
SF:/home/m6d/Documents/nextjs-ssr/src/types/index.js
FNF:0
FNH:0
DA:1,30
DA:2,30
DA:3,30
DA:5,30
DA:6,30
DA:7,30
DA:8,30
DA:9,30
DA:10,30
LF:9
LH:9
BRF:0
BRH:0
end_of_record
TN:
SF:/home/m6d/Documents/nextjs-ssr/src/utils/parseResponse/index.js
FN:10,parseMessage
FN:21,parseData
FNF:2
FNH:2
FNDA:4,parseMessage
FNDA:6,parseData
DA:11,4
DA:22,6
LF:2
LH:2
BRF:0
BRH:0
end_of_record
